[0.017s] Invoking command in '/home/golam_sadek/ur3robot_ws/build/ur3robot_controller': CMAKE_PREFIX_PATH=${CMAKE_PREFIX_PATH}:/home/golam_sadek/turtlebot3_drlnav/install/turtlebot3_drl:/opt/ros/humble /usr/bin/cmake /home/golam_sadek/ur3robot_ws/src/ur3robot_controller -DAMENT_CMAKE_SYMLINK_INSTALL=1 -DCMAKE_INSTALL_PREFIX=/home/golam_sadek/ur3robot_ws/install/ur3robot_controller
[0.031s] -- Found ament_cmake: 1.3.11 (/opt/ros/humble/share/ament_cmake/cmake)
[0.311s] -- Override CMake install command with custom implementation using symlinks instead of copying resources
[0.326s] -- Found ament_lint_auto: 0.12.12 (/opt/ros/humble/share/ament_lint_auto/cmake)
[0.431s] -- Added test 'cppcheck' to perform static code analysis on C / C++ code
[0.431s] -- Configured cppcheck include dirs: 
[0.431s] -- Configured cppcheck exclude dirs and/or files: 
[0.432s] -- Added test 'flake8' to check Python code syntax and style conventions
[0.434s] -- Added test 'lint_cmake' to check CMake code style
[0.435s] -- Added test 'pep257' to check Python code against some of the docstring style conventions in PEP 257
[0.441s] -- Added test 'uncrustify' to check C / C++ code style
[0.442s] -- Configured uncrustify additional arguments: 
[0.443s] -- Added test 'xmllint' to check XML markup files
[0.444s] -- Configuring done
[0.448s] -- Generating done
[0.450s] -- Build files have been written to: /home/golam_sadek/ur3robot_ws/build/ur3robot_controller
[0.454s] Invoked command in '/home/golam_sadek/ur3robot_ws/build/ur3robot_controller' returned '0': CMAKE_PREFIX_PATH=${CMAKE_PREFIX_PATH}:/home/golam_sadek/turtlebot3_drlnav/install/turtlebot3_drl:/opt/ros/humble /usr/bin/cmake /home/golam_sadek/ur3robot_ws/src/ur3robot_controller -DAMENT_CMAKE_SYMLINK_INSTALL=1 -DCMAKE_INSTALL_PREFIX=/home/golam_sadek/ur3robot_ws/install/ur3robot_controller
[0.456s] Invoking command in '/home/golam_sadek/ur3robot_ws/build/ur3robot_controller': CMAKE_PREFIX_PATH=${CMAKE_PREFIX_PATH}:/home/golam_sadek/turtlebot3_drlnav/install/turtlebot3_drl:/opt/ros/humble /usr/bin/cmake --build /home/golam_sadek/ur3robot_ws/build/ur3robot_controller -- -j8 -l8
[0.500s] Invoked command in '/home/golam_sadek/ur3robot_ws/build/ur3robot_controller' returned '0': CMAKE_PREFIX_PATH=${CMAKE_PREFIX_PATH}:/home/golam_sadek/turtlebot3_drlnav/install/turtlebot3_drl:/opt/ros/humble /usr/bin/cmake --build /home/golam_sadek/ur3robot_ws/build/ur3robot_controller -- -j8 -l8
[0.509s] Invoking command in '/home/golam_sadek/ur3robot_ws/build/ur3robot_controller': CMAKE_PREFIX_PATH=${CMAKE_PREFIX_PATH}:/home/golam_sadek/turtlebot3_drlnav/install/turtlebot3_drl:/opt/ros/humble /usr/bin/cmake --install /home/golam_sadek/ur3robot_ws/build/ur3robot_controller
[0.517s] -- Install configuration: ""
[0.518s] -- Execute custom install script
[0.518s] -- Symlinking: /home/golam_sadek/ur3robot_ws/install/ur3robot_controller/share/ur3robot_controller/config/ur3robot_controllers.yaml
[0.527s] -- Symlinking: /home/golam_sadek/ur3robot_ws/install/ur3robot_controller/share/ament_index/resource_index/package_run_dependencies/ur3robot_controller
[0.538s] -- Symlinking: /home/golam_sadek/ur3robot_ws/install/ur3robot_controller/share/ament_index/resource_index/parent_prefix_path/ur3robot_controller
[0.549s] -- Symlinking: /home/golam_sadek/ur3robot_ws/install/ur3robot_controller/share/ur3robot_controller/environment/ament_prefix_path.sh
[0.559s] -- Symlinking: /home/golam_sadek/ur3robot_ws/install/ur3robot_controller/share/ur3robot_controller/environment/ament_prefix_path.dsv
[0.569s] -- Symlinking: /home/golam_sadek/ur3robot_ws/install/ur3robot_controller/share/ur3robot_controller/environment/path.sh
[0.578s] -- Symlinking: /home/golam_sadek/ur3robot_ws/install/ur3robot_controller/share/ur3robot_controller/environment/path.dsv
[0.589s] -- Symlinking: /home/golam_sadek/ur3robot_ws/install/ur3robot_controller/share/ur3robot_controller/local_setup.bash
[0.599s] -- Symlinking: /home/golam_sadek/ur3robot_ws/install/ur3robot_controller/share/ur3robot_controller/local_setup.sh
[0.608s] -- Symlinking: /home/golam_sadek/ur3robot_ws/install/ur3robot_controller/share/ur3robot_controller/local_setup.zsh
[0.618s] -- Symlinking: /home/golam_sadek/ur3robot_ws/install/ur3robot_controller/share/ur3robot_controller/local_setup.dsv
[0.627s] -- Symlinking: /home/golam_sadek/ur3robot_ws/install/ur3robot_controller/share/ur3robot_controller/package.dsv
[0.638s] -- Symlinking: /home/golam_sadek/ur3robot_ws/install/ur3robot_controller/share/ament_index/resource_index/packages/ur3robot_controller
[0.649s] -- Symlinking: /home/golam_sadek/ur3robot_ws/install/ur3robot_controller/share/ur3robot_controller/cmake/ur3robot_controllerConfig.cmake
[0.659s] -- Symlinking: /home/golam_sadek/ur3robot_ws/install/ur3robot_controller/share/ur3robot_controller/cmake/ur3robot_controllerConfig-version.cmake
[0.670s] -- Symlinking: /home/golam_sadek/ur3robot_ws/install/ur3robot_controller/share/ur3robot_controller/package.xml
[0.682s] Invoked command in '/home/golam_sadek/ur3robot_ws/build/ur3robot_controller' returned '0': CMAKE_PREFIX_PATH=${CMAKE_PREFIX_PATH}:/home/golam_sadek/turtlebot3_drlnav/install/turtlebot3_drl:/opt/ros/humble /usr/bin/cmake --install /home/golam_sadek/ur3robot_ws/build/ur3robot_controller
