[0.033s] Invoking command in '/home/golam_sadek/ur3robot_ws/build/ur3robot_description': CMAKE_PREFIX_PATH=${CMAKE_PREFIX_PATH}:/home/golam_sadek/turtlebot3_drlnav/install/turtlebot3_drl:/opt/ros/humble /usr/bin/cmake --build /home/golam_sadek/ur3robot_ws/build/ur3robot_description -- -j8 -l8
[0.132s] Invoked command in '/home/golam_sadek/ur3robot_ws/build/ur3robot_description' returned '0': CMAKE_PREFIX_PATH=${CMAKE_PREFIX_PATH}:/home/golam_sadek/turtlebot3_drlnav/install/turtlebot3_drl:/opt/ros/humble /usr/bin/cmake --build /home/golam_sadek/ur3robot_ws/build/ur3robot_description -- -j8 -l8
[0.134s] Invoking command in '/home/golam_sadek/ur3robot_ws/build/ur3robot_description': CMAKE_PREFIX_PATH=${CMAKE_PREFIX_PATH}:/home/golam_sadek/turtlebot3_drlnav/install/turtlebot3_drl:/opt/ros/humble /usr/bin/cmake --install /home/golam_sadek/ur3robot_ws/build/ur3robot_description
[0.155s] -- Install configuration: ""
[0.156s] -- Execute custom install script
[0.157s] -- Up-to-date symlink: /home/golam_sadek/ur3robot_ws/install/ur3robot_description/share/ur3robot_description/meshes/base_plate.STL
[0.158s] -- Up-to-date symlink: /home/golam_sadek/ur3robot_ws/install/ur3robot_description/share/ur3robot_description/meshes/basement.STL
[0.161s] -- Up-to-date symlink: /home/golam_sadek/ur3robot_ws/install/ur3robot_description/share/ur3robot_description/meshes/claw_support.STL
[0.162s] -- Up-to-date symlink: /home/golam_sadek/ur3robot_ws/install/ur3robot_description/share/ur3robot_description/meshes/forward_drive_arm.STL
[0.162s] -- Up-to-date symlink: /home/golam_sadek/ur3robot_ws/install/ur3robot_description/share/ur3robot_description/meshes/horizontal_arm.STL
[0.162s] -- Up-to-date symlink: /home/golam_sadek/ur3robot_ws/install/ur3robot_description/share/ur3robot_description/meshes/left_finger.STL
[0.163s] -- Up-to-date symlink: /home/golam_sadek/ur3robot_ws/install/ur3robot_description/share/ur3robot_description/meshes/link.STL
[0.163s] -- Up-to-date symlink: /home/golam_sadek/ur3robot_ws/install/ur3robot_description/share/ur3robot_description/meshes/plate.STL
[0.164s] -- Up-to-date symlink: /home/golam_sadek/ur3robot_ws/install/ur3robot_description/share/ur3robot_description/meshes/right_finger.STL
[0.164s] -- Up-to-date symlink: /home/golam_sadek/ur3robot_ws/install/ur3robot_description/share/ur3robot_description/meshes/round_plate.STL
[0.165s] -- Up-to-date symlink: /home/golam_sadek/ur3robot_ws/install/ur3robot_description/share/ur3robot_description/meshes/servo_plate.STL
[0.165s] -- Up-to-date symlink: /home/golam_sadek/ur3robot_ws/install/ur3robot_description/share/ur3robot_description/meshes/triangular_link.STL
[0.165s] -- Up-to-date symlink: /home/golam_sadek/ur3robot_ws/install/ur3robot_description/share/ur3robot_description/meshes/vertical_drive_arm.STL
[0.166s] -- Up-to-date symlink: /home/golam_sadek/ur3robot_ws/install/ur3robot_description/share/ur3robot_description/urdf/ur3robot.urdf.xacro
[0.166s] -- Up-to-date symlink: /home/golam_sadek/ur3robot_ws/install/ur3robot_description/share/ur3robot_description/urdf/ur3robot_gazebo.xacro
[0.166s] -- Up-to-date symlink: /home/golam_sadek/ur3robot_ws/install/ur3robot_description/share/ur3robot_description/urdf/ur3robot_ros2_control.xacro
[0.166s] -- Up-to-date symlink: /home/golam_sadek/ur3robot_ws/install/ur3robot_description/share/ur3robot_description/launch/display.launch.py
[0.167s] -- Up-to-date symlink: /home/golam_sadek/ur3robot_ws/install/ur3robot_description/share/ur3robot_description/launch/gazebo.launch.py
[0.167s] -- Up-to-date symlink: /home/golam_sadek/ur3robot_ws/install/ur3robot_description/share/ur3robot_description/rviz/display.rviz
[0.167s] -- Up-to-date symlink: /home/golam_sadek/ur3robot_ws/install/ur3robot_description/share/ament_index/resource_index/package_run_dependencies/ur3robot_description
[0.167s] -- Up-to-date symlink: /home/golam_sadek/ur3robot_ws/install/ur3robot_description/share/ament_index/resource_index/parent_prefix_path/ur3robot_description
[0.168s] -- Up-to-date symlink: /home/golam_sadek/ur3robot_ws/install/ur3robot_description/share/ur3robot_description/environment/ament_prefix_path.sh
[0.168s] -- Up-to-date symlink: /home/golam_sadek/ur3robot_ws/install/ur3robot_description/share/ur3robot_description/environment/ament_prefix_path.dsv
[0.168s] -- Up-to-date symlink: /home/golam_sadek/ur3robot_ws/install/ur3robot_description/share/ur3robot_description/environment/path.sh
[0.168s] -- Up-to-date symlink: /home/golam_sadek/ur3robot_ws/install/ur3robot_description/share/ur3robot_description/environment/path.dsv
[0.168s] -- Up-to-date symlink: /home/golam_sadek/ur3robot_ws/install/ur3robot_description/share/ur3robot_description/local_setup.bash
[0.169s] -- Up-to-date symlink: /home/golam_sadek/ur3robot_ws/install/ur3robot_description/share/ur3robot_description/local_setup.sh
[0.169s] -- Up-to-date symlink: /home/golam_sadek/ur3robot_ws/install/ur3robot_description/share/ur3robot_description/local_setup.zsh
[0.169s] -- Up-to-date symlink: /home/golam_sadek/ur3robot_ws/install/ur3robot_description/share/ur3robot_description/local_setup.dsv
[0.169s] -- Symlinking: /home/golam_sadek/ur3robot_ws/install/ur3robot_description/share/ur3robot_description/package.dsv
[0.191s] -- Up-to-date symlink: /home/golam_sadek/ur3robot_ws/install/ur3robot_description/share/ament_index/resource_index/packages/ur3robot_description
[0.191s] -- Up-to-date symlink: /home/golam_sadek/ur3robot_ws/install/ur3robot_description/share/ur3robot_description/cmake/ur3robot_descriptionConfig.cmake
[0.191s] -- Up-to-date symlink: /home/golam_sadek/ur3robot_ws/install/ur3robot_description/share/ur3robot_description/cmake/ur3robot_descriptionConfig-version.cmake
[0.191s] -- Up-to-date symlink: /home/golam_sadek/ur3robot_ws/install/ur3robot_description/share/ur3robot_description/package.xml
[0.232s] Invoked command in '/home/golam_sadek/ur3robot_ws/build/ur3robot_description' returned '0': CMAKE_PREFIX_PATH=${CMAKE_PREFIX_PATH}:/home/golam_sadek/turtlebot3_drlnav/install/turtlebot3_drl:/opt/ros/humble /usr/bin/cmake --install /home/golam_sadek/ur3robot_ws/build/ur3robot_description
