[0.014s] Invoking command in '/home/golam_sadek/ur3robot_ws/build/ur3robot_controller': CMAKE_PREFIX_PATH=${CMAKE_PREFIX_PATH}:/opt/ros/humble /usr/bin/cmake /home/golam_sadek/ur3robot_ws/src/ur3robot_controller -DCMAKE_INSTALL_PREFIX=/home/golam_sadek/ur3robot_ws/install/ur3robot_controller
[0.203s] -- The C compiler identification is GNU 11.4.0
[0.299s] -- The CXX compiler identification is GNU 11.4.0
[0.309s] -- Detecting C compiler ABI info
[0.380s] -- Detecting C compiler ABI info - done
[0.387s] -- Check for working C compiler: /usr/bin/cc - skipped
[0.387s] -- Detecting C compile features
[0.388s] -- Detecting C compile features - done
[0.391s] -- Detecting CXX compiler ABI info
[0.469s] -- Detecting CXX compiler ABI info - done
[0.475s] -- Check for working CXX compiler: /usr/bin/c++ - skipped
[0.475s] -- Detecting CXX compile features
[0.476s] -- Detecting CXX compile features - done
[0.480s] -- Found ament_cmake: 1.3.11 (/opt/ros/humble/share/ament_cmake/cmake)
[0.624s] -- Found Python3: /usr/bin/python3 (found version "3.10.12") found components: Interpreter 
[0.776s] -- Found ament_lint_auto: 0.12.12 (/opt/ros/humble/share/ament_lint_auto/cmake)
[0.859s] -- Added test 'lint_cmake' to check CMake code style
[0.861s] -- Added test 'xmllint' to check XML markup files
[0.868s] -- Configuring done
[0.871s] -- Generating done
[0.873s] -- Build files have been written to: /home/golam_sadek/ur3robot_ws/build/ur3robot_controller
[0.877s] Invoked command in '/home/golam_sadek/ur3robot_ws/build/ur3robot_controller' returned '0': CMAKE_PREFIX_PATH=${CMAKE_PREFIX_PATH}:/opt/ros/humble /usr/bin/cmake /home/golam_sadek/ur3robot_ws/src/ur3robot_controller -DCMAKE_INSTALL_PREFIX=/home/golam_sadek/ur3robot_ws/install/ur3robot_controller
[0.878s] Invoking command in '/home/golam_sadek/ur3robot_ws/build/ur3robot_controller': CMAKE_PREFIX_PATH=${CMAKE_PREFIX_PATH}:/opt/ros/humble /usr/bin/cmake --build /home/golam_sadek/ur3robot_ws/build/ur3robot_controller -- -j8 -l8
[0.916s] Invoked command in '/home/golam_sadek/ur3robot_ws/build/ur3robot_controller' returned '0': CMAKE_PREFIX_PATH=${CMAKE_PREFIX_PATH}:/opt/ros/humble /usr/bin/cmake --build /home/golam_sadek/ur3robot_ws/build/ur3robot_controller -- -j8 -l8
[0.918s] Invoking command in '/home/golam_sadek/ur3robot_ws/build/ur3robot_controller': CMAKE_PREFIX_PATH=${CMAKE_PREFIX_PATH}:/opt/ros/humble /usr/bin/cmake --install /home/golam_sadek/ur3robot_ws/build/ur3robot_controller
[0.925s] -- Install configuration: ""
[0.925s] -- Installing: /home/golam_sadek/ur3robot_ws/install/ur3robot_controller/share/ament_index/resource_index/package_run_dependencies/ur3robot_controller
[0.925s] -- Installing: /home/golam_sadek/ur3robot_ws/install/ur3robot_controller/share/ament_index/resource_index/parent_prefix_path/ur3robot_controller
[0.925s] -- Installing: /home/golam_sadek/ur3robot_ws/install/ur3robot_controller/share/ur3robot_controller/environment/ament_prefix_path.sh
[0.925s] -- Installing: /home/golam_sadek/ur3robot_ws/install/ur3robot_controller/share/ur3robot_controller/environment/ament_prefix_path.dsv
[0.925s] -- Installing: /home/golam_sadek/ur3robot_ws/install/ur3robot_controller/share/ur3robot_controller/environment/path.sh
[0.926s] -- Installing: /home/golam_sadek/ur3robot_ws/install/ur3robot_controller/share/ur3robot_controller/environment/path.dsv
[0.926s] -- Installing: /home/golam_sadek/ur3robot_ws/install/ur3robot_controller/share/ur3robot_controller/local_setup.bash
[0.926s] -- Installing: /home/golam_sadek/ur3robot_ws/install/ur3robot_controller/share/ur3robot_controller/local_setup.sh
[0.926s] -- Installing: /home/golam_sadek/ur3robot_ws/install/ur3robot_controller/share/ur3robot_controller/local_setup.zsh
[0.926s] -- Installing: /home/golam_sadek/ur3robot_ws/install/ur3robot_controller/share/ur3robot_controller/local_setup.dsv
[0.926s] -- Installing: /home/golam_sadek/ur3robot_ws/install/ur3robot_controller/share/ur3robot_controller/package.dsv
[0.926s] -- Installing: /home/golam_sadek/ur3robot_ws/install/ur3robot_controller/share/ament_index/resource_index/packages/ur3robot_controller
[0.926s] -- Installing: /home/golam_sadek/ur3robot_ws/install/ur3robot_controller/share/ur3robot_controller/cmake/ur3robot_controllerConfig.cmake
[0.927s] -- Installing: /home/golam_sadek/ur3robot_ws/install/ur3robot_controller/share/ur3robot_controller/cmake/ur3robot_controllerConfig-version.cmake
[0.927s] -- Installing: /home/golam_sadek/ur3robot_ws/install/ur3robot_controller/share/ur3robot_controller/package.xml
[0.929s] Invoked command in '/home/golam_sadek/ur3robot_ws/build/ur3robot_controller' returned '0': CMAKE_PREFIX_PATH=${CMAKE_PREFIX_PATH}:/opt/ros/humble /usr/bin/cmake --install /home/golam_sadek/ur3robot_ws/build/ur3robot_controller
