[0.017s] Invoking command in '/home/golam_sadek/ur3robot_ws/build/ur3robot_controller': CMAKE_PREFIX_PATH=${CMAKE_PREFIX_PATH}:/home/golam_sadek/turtlebot3_drlnav/install/turtlebot3_drl:/opt/ros/humble /usr/bin/cmake --build /home/golam_sadek/ur3robot_ws/build/ur3robot_controller -- -j8 -l8
[0.056s] Invoked command in '/home/golam_sadek/ur3robot_ws/build/ur3robot_controller' returned '0': CMAKE_PREFIX_PATH=${CMAKE_PREFIX_PATH}:/home/golam_sadek/turtlebot3_drlnav/install/turtlebot3_drl:/opt/ros/humble /usr/bin/cmake --build /home/golam_sadek/ur3robot_ws/build/ur3robot_controller -- -j8 -l8
[0.066s] Invoking command in '/home/golam_sadek/ur3robot_ws/build/ur3robot_controller': CMAKE_PREFIX_PATH=${CMAKE_PREFIX_PATH}:/home/golam_sadek/turtlebot3_drlnav/install/turtlebot3_drl:/opt/ros/humble /usr/bin/cmake --install /home/golam_sadek/ur3robot_ws/build/ur3robot_controller
[0.074s] -- Install configuration: ""
[0.074s] -- Up-to-date: /home/golam_sadek/ur3robot_ws/install/ur3robot_controller/share/ur3robot_controller/config
[0.075s] -- Up-to-date: /home/golam_sadek/ur3robot_ws/install/ur3robot_controller/share/ur3robot_controller/config/ur3robot_controllers.yaml
[0.075s] -- Up-to-date: /home/golam_sadek/ur3robot_ws/install/ur3robot_controller/share/ament_index/resource_index/package_run_dependencies/ur3robot_controller
[0.075s] -- Up-to-date: /home/golam_sadek/ur3robot_ws/install/ur3robot_controller/share/ament_index/resource_index/parent_prefix_path/ur3robot_controller
[0.075s] -- Up-to-date: /home/golam_sadek/ur3robot_ws/install/ur3robot_controller/share/ur3robot_controller/environment/ament_prefix_path.sh
[0.075s] -- Up-to-date: /home/golam_sadek/ur3robot_ws/install/ur3robot_controller/share/ur3robot_controller/environment/ament_prefix_path.dsv
[0.075s] -- Up-to-date: /home/golam_sadek/ur3robot_ws/install/ur3robot_controller/share/ur3robot_controller/environment/path.sh
[0.075s] -- Up-to-date: /home/golam_sadek/ur3robot_ws/install/ur3robot_controller/share/ur3robot_controller/environment/path.dsv
[0.075s] -- Up-to-date: /home/golam_sadek/ur3robot_ws/install/ur3robot_controller/share/ur3robot_controller/local_setup.bash
[0.075s] -- Up-to-date: /home/golam_sadek/ur3robot_ws/install/ur3robot_controller/share/ur3robot_controller/local_setup.sh
[0.075s] -- Up-to-date: /home/golam_sadek/ur3robot_ws/install/ur3robot_controller/share/ur3robot_controller/local_setup.zsh
[0.076s] -- Up-to-date: /home/golam_sadek/ur3robot_ws/install/ur3robot_controller/share/ur3robot_controller/local_setup.dsv
[0.076s] -- Up-to-date: /home/golam_sadek/ur3robot_ws/install/ur3robot_controller/share/ur3robot_controller/package.dsv
[0.076s] -- Up-to-date: /home/golam_sadek/ur3robot_ws/install/ur3robot_controller/share/ament_index/resource_index/packages/ur3robot_controller
[0.076s] -- Up-to-date: /home/golam_sadek/ur3robot_ws/install/ur3robot_controller/share/ur3robot_controller/cmake/ur3robot_controllerConfig.cmake
[0.076s] -- Up-to-date: /home/golam_sadek/ur3robot_ws/install/ur3robot_controller/share/ur3robot_controller/cmake/ur3robot_controllerConfig-version.cmake
[0.076s] -- Up-to-date: /home/golam_sadek/ur3robot_ws/install/ur3robot_controller/share/ur3robot_controller/package.xml
[0.077s] Invoked command in '/home/golam_sadek/ur3robot_ws/build/ur3robot_controller' returned '0': CMAKE_PREFIX_PATH=${CMAKE_PREFIX_PATH}:/home/golam_sadek/turtlebot3_drlnav/install/turtlebot3_drl:/opt/ros/humble /usr/bin/cmake --install /home/golam_sadek/ur3robot_ws/build/ur3robot_controller
