[0.101s] DEBUG:colcon:Command line arguments: ['/usr/bin/colcon', 'build']
[0.101s] DEBUG:colcon:Parsed command line arguments: Namespace(log_base=None, log_level=None, verb_name='build', build_base='build', install_base='install', merge_install=False, symlink_install=False, test_result_base=None, continue_on_error=False, executor='parallel', parallel_workers=8, event_handlers=None, ignore_user_meta=False, metas=['./colcon.meta'], base_paths=['.'], packages_ignore=None, packages_ignore_regex=None, paths=None, packages_up_to=None, packages_up_to_regex=None, packages_above=None, packages_above_and_dependencies=None, packages_above_depth=None, packages_select_by_dep=None, packages_skip_by_dep=None, packages_skip_up_to=None, packages_select_build_failed=False, packages_skip_build_finished=False, packages_select_test_failures=False, packages_skip_test_passed=False, packages_select=None, packages_skip=None, packages_select_regex=None, packages_skip_regex=None, packages_start=None, packages_end=None, allow_overriding=[], cmake_args=None, cmake_target=None, cmake_target_skip_unavailable=False, cmake_clean_cache=False, cmake_clean_first=False, cmake_force_configure=False, ament_cmake_args=None, catkin_cmake_args=None, catkin_skip_building_tests=False, verb_parser=<colcon_defaults.argument_parser.defaults.DefaultArgumentsDecorator object at 0x7df2c625fac0>, verb_extension=<colcon_core.verb.build.BuildVerb object at 0x7df2c625f5b0>, main=<bound method BuildVerb.main of <colcon_core.verb.build.BuildVerb object at 0x7df2c625f5b0>>)
[0.331s] Level 1:colcon.colcon_core.package_discovery:discover_packages(colcon_meta) check parameters
[0.331s] Level 1:colcon.colcon_core.package_discovery:discover_packages(recursive) check parameters
[0.331s] Level 1:colcon.colcon_core.package_discovery:discover_packages(ignore) check parameters
[0.331s] Level 1:colcon.colcon_core.package_discovery:discover_packages(path) check parameters
[0.331s] Level 1:colcon.colcon_core.package_discovery:discover_packages(colcon_meta) discover
[0.331s] Level 1:colcon.colcon_core.package_discovery:discover_packages(recursive) discover
[0.331s] INFO:colcon.colcon_core.package_discovery:Crawling recursively for packages in '/home/golam_sadek/ur3robot_ws'
[0.331s] Level 1:colcon.colcon_core.package_identification:_identify(.) by extensions ['ignore', 'ignore_ament_install']
[0.331s] Level 1:colcon.colcon_core.package_identification:_identify(.) by extension 'ignore'
[0.331s] Level 1:colcon.colcon_core.package_identification:_identify(.) by extension 'ignore_ament_install'
[0.331s] Level 1:colcon.colcon_core.package_identification:_identify(.) by extensions ['colcon_pkg']
[0.331s] Level 1:colcon.colcon_core.package_identification:_identify(.) by extension 'colcon_pkg'
[0.331s] Level 1:colcon.colcon_core.package_identification:_identify(.) by extensions ['colcon_meta']
[0.331s] Level 1:colcon.colcon_core.package_identification:_identify(.) by extension 'colcon_meta'
[0.331s] Level 1:colcon.colcon_core.package_identification:_identify(.) by extensions ['ros']
[0.331s] Level 1:colcon.colcon_core.package_identification:_identify(.) by extension 'ros'
[0.353s] Level 1:colcon.colcon_core.package_identification:_identify(.) by extensions ['cmake', 'python']
[0.353s] Level 1:colcon.colcon_core.package_identification:_identify(.) by extension 'cmake'
[0.353s] Level 1:colcon.colcon_core.package_identification:_identify(.) by extension 'python'
[0.353s] Level 1:colcon.colcon_core.package_identification:_identify(.) by extensions ['python_setup_py']
[0.353s] Level 1:colcon.colcon_core.package_identification:_identify(.) by extension 'python_setup_py'
[0.353s] Level 1:colcon.colcon_core.package_identification:_identify(build) by extensions ['ignore', 'ignore_ament_install']
[0.353s] Level 1:colcon.colcon_core.package_identification:_identify(build) by extension 'ignore'
[0.353s] Level 1:colcon.colcon_core.package_identification:_identify(build) ignored
[0.354s] Level 1:colcon.colcon_core.package_identification:_identify(install) by extensions ['ignore', 'ignore_ament_install']
[0.354s] Level 1:colcon.colcon_core.package_identification:_identify(install) by extension 'ignore'
[0.354s] Level 1:colcon.colcon_core.package_identification:_identify(install) ignored
[0.354s] Level 1:colcon.colcon_core.package_identification:_identify(log) by extensions ['ignore', 'ignore_ament_install']
[0.354s] Level 1:colcon.colcon_core.package_identification:_identify(log) by extension 'ignore'
[0.354s] Level 1:colcon.colcon_core.package_identification:_identify(log) ignored
[0.354s] Level 1:colcon.colcon_core.package_identification:_identify(src) by extensions ['ignore', 'ignore_ament_install']
[0.354s] Level 1:colcon.colcon_core.package_identification:_identify(src) by extension 'ignore'
[0.354s] Level 1:colcon.colcon_core.package_identification:_identify(src) by extension 'ignore_ament_install'
[0.354s] Level 1:colcon.colcon_core.package_identification:_identify(src) by extensions ['colcon_pkg']
[0.354s] Level 1:colcon.colcon_core.package_identification:_identify(src) by extension 'colcon_pkg'
[0.354s] Level 1:colcon.colcon_core.package_identification:_identify(src) by extensions ['colcon_meta']
[0.355s] Level 1:colcon.colcon_core.package_identification:_identify(src) by extension 'colcon_meta'
[0.355s] Level 1:colcon.colcon_core.package_identification:_identify(src) by extensions ['ros']
[0.355s] Level 1:colcon.colcon_core.package_identification:_identify(src) by extension 'ros'
[0.355s] Level 1:colcon.colcon_core.package_identification:_identify(src) by extensions ['cmake', 'python']
[0.355s] Level 1:colcon.colcon_core.package_identification:_identify(src) by extension 'cmake'
[0.355s] Level 1:colcon.colcon_core.package_identification:_identify(src) by extension 'python'
[0.355s] Level 1:colcon.colcon_core.package_identification:_identify(src) by extensions ['python_setup_py']
[0.355s] Level 1:colcon.colcon_core.package_identification:_identify(src) by extension 'python_setup_py'
[0.355s] Level 1:colcon.colcon_core.package_identification:_identify(src/ur3robot_controller) by extensions ['ignore', 'ignore_ament_install']
[0.355s] Level 1:colcon.colcon_core.package_identification:_identify(src/ur3robot_controller) by extension 'ignore'
[0.355s] Level 1:colcon.colcon_core.package_identification:_identify(src/ur3robot_controller) by extension 'ignore_ament_install'
[0.355s] Level 1:colcon.colcon_core.package_identification:_identify(src/ur3robot_controller) by extensions ['colcon_pkg']
[0.355s] Level 1:colcon.colcon_core.package_identification:_identify(src/ur3robot_controller) by extension 'colcon_pkg'
[0.355s] Level 1:colcon.colcon_core.package_identification:_identify(src/ur3robot_controller) by extensions ['colcon_meta']
[0.355s] Level 1:colcon.colcon_core.package_identification:_identify(src/ur3robot_controller) by extension 'colcon_meta'
[0.355s] Level 1:colcon.colcon_core.package_identification:_identify(src/ur3robot_controller) by extensions ['ros']
[0.355s] Level 1:colcon.colcon_core.package_identification:_identify(src/ur3robot_controller) by extension 'ros'
[0.357s] DEBUG:colcon.colcon_core.package_identification:Package 'src/ur3robot_controller' with type 'ros.ament_cmake' and name 'ur3robot_controller'
[0.358s] Level 1:colcon.colcon_core.package_identification:_identify(src/ur3robot_description) by extensions ['ignore', 'ignore_ament_install']
[0.358s] Level 1:colcon.colcon_core.package_identification:_identify(src/ur3robot_description) by extension 'ignore'
[0.358s] Level 1:colcon.colcon_core.package_identification:_identify(src/ur3robot_description) by extension 'ignore_ament_install'
[0.358s] Level 1:colcon.colcon_core.package_identification:_identify(src/ur3robot_description) by extensions ['colcon_pkg']
[0.358s] Level 1:colcon.colcon_core.package_identification:_identify(src/ur3robot_description) by extension 'colcon_pkg'
[0.358s] Level 1:colcon.colcon_core.package_identification:_identify(src/ur3robot_description) by extensions ['colcon_meta']
[0.358s] Level 1:colcon.colcon_core.package_identification:_identify(src/ur3robot_description) by extension 'colcon_meta'
[0.358s] Level 1:colcon.colcon_core.package_identification:_identify(src/ur3robot_description) by extensions ['ros']
[0.358s] Level 1:colcon.colcon_core.package_identification:_identify(src/ur3robot_description) by extension 'ros'
[0.361s] DEBUG:colcon.colcon_core.package_identification:Package 'src/ur3robot_description' with type 'ros.ament_cmake' and name 'ur3robot_description'
[0.361s] Level 1:colcon.colcon_core.package_discovery:discover_packages(recursive) using defaults
[0.361s] Level 1:colcon.colcon_core.package_discovery:discover_packages(ignore) discover
[0.361s] Level 1:colcon.colcon_core.package_discovery:discover_packages(ignore) using defaults
[0.361s] Level 1:colcon.colcon_core.package_discovery:discover_packages(path) discover
[0.361s] Level 1:colcon.colcon_core.package_discovery:discover_packages(path) using defaults
[0.378s] Level 1:colcon.colcon_core.package_discovery:discover_packages(prefix_path) check parameters
[0.378s] Level 1:colcon.colcon_core.package_discovery:discover_packages(prefix_path) discover
[0.380s] DEBUG:colcon.colcon_installed_package_information.package_discovery:Found 2 installed packages in /home/golam_sadek/ur3robot_ws/install
[0.380s] DEBUG:colcon.colcon_installed_package_information.package_discovery:Found 1 installed packages in /home/golam_sadek/ur3robot_ws/src/ur3robot_controller/install
[0.381s] DEBUG:colcon.colcon_installed_package_information.package_discovery:Found 3 installed packages in /home/golam_sadek/turtlebot3_ws/install
[0.381s] DEBUG:colcon.colcon_installed_package_information.package_discovery:Found 5 installed packages in /home/golam_sadek/turtlebot3_drlnav/install
[0.383s] DEBUG:colcon.colcon_installed_package_information.package_discovery:Found 419 installed packages in /opt/ros/humble
[0.385s] Level 1:colcon.colcon_core.package_discovery:discover_packages(prefix_path) using defaults
[0.424s] Level 5:colcon.colcon_core.verb:set package 'ur3robot_controller' build argument 'cmake_args' from command line to 'None'
[0.424s] Level 5:colcon.colcon_core.verb:set package 'ur3robot_controller' build argument 'cmake_target' from command line to 'None'
[0.424s] Level 5:colcon.colcon_core.verb:set package 'ur3robot_controller' build argument 'cmake_target_skip_unavailable' from command line to 'False'
[0.425s] Level 5:colcon.colcon_core.verb:set package 'ur3robot_controller' build argument 'cmake_clean_cache' from command line to 'False'
[0.425s] Level 5:colcon.colcon_core.verb:set package 'ur3robot_controller' build argument 'cmake_clean_first' from command line to 'False'
[0.425s] Level 5:colcon.colcon_core.verb:set package 'ur3robot_controller' build argument 'cmake_force_configure' from command line to 'False'
[0.425s] Level 5:colcon.colcon_core.verb:set package 'ur3robot_controller' build argument 'ament_cmake_args' from command line to 'None'
[0.425s] Level 5:colcon.colcon_core.verb:set package 'ur3robot_controller' build argument 'catkin_cmake_args' from command line to 'None'
[0.425s] Level 5:colcon.colcon_core.verb:set package 'ur3robot_controller' build argument 'catkin_skip_building_tests' from command line to 'False'
[0.425s] DEBUG:colcon.colcon_core.verb:Building package 'ur3robot_controller' with the following arguments: {'ament_cmake_args': None, 'build_base': '/home/golam_sadek/ur3robot_ws/build/ur3robot_controller', 'catkin_cmake_args': None, 'catkin_skip_building_tests': False, 'cmake_args': None, 'cmake_clean_cache': False, 'cmake_clean_first': False, 'cmake_force_configure': False, 'cmake_target': None, 'cmake_target_skip_unavailable': False, 'install_base': '/home/golam_sadek/ur3robot_ws/install/ur3robot_controller', 'merge_install': False, 'path': '/home/golam_sadek/ur3robot_ws/src/ur3robot_controller', 'symlink_install': False, 'test_result_base': None}
[0.425s] Level 5:colcon.colcon_core.verb:set package 'ur3robot_description' build argument 'cmake_args' from command line to 'None'
[0.425s] Level 5:colcon.colcon_core.verb:set package 'ur3robot_description' build argument 'cmake_target' from command line to 'None'
[0.425s] Level 5:colcon.colcon_core.verb:set package 'ur3robot_description' build argument 'cmake_target_skip_unavailable' from command line to 'False'
[0.425s] Level 5:colcon.colcon_core.verb:set package 'ur3robot_description' build argument 'cmake_clean_cache' from command line to 'False'
[0.425s] Level 5:colcon.colcon_core.verb:set package 'ur3robot_description' build argument 'cmake_clean_first' from command line to 'False'
[0.425s] Level 5:colcon.colcon_core.verb:set package 'ur3robot_description' build argument 'cmake_force_configure' from command line to 'False'
[0.425s] Level 5:colcon.colcon_core.verb:set package 'ur3robot_description' build argument 'ament_cmake_args' from command line to 'None'
[0.425s] Level 5:colcon.colcon_core.verb:set package 'ur3robot_description' build argument 'catkin_cmake_args' from command line to 'None'
[0.425s] Level 5:colcon.colcon_core.verb:set package 'ur3robot_description' build argument 'catkin_skip_building_tests' from command line to 'False'
[0.425s] DEBUG:colcon.colcon_core.verb:Building package 'ur3robot_description' with the following arguments: {'ament_cmake_args': None, 'build_base': '/home/golam_sadek/ur3robot_ws/build/ur3robot_description', 'catkin_cmake_args': None, 'catkin_skip_building_tests': False, 'cmake_args': None, 'cmake_clean_cache': False, 'cmake_clean_first': False, 'cmake_force_configure': False, 'cmake_target': None, 'cmake_target_skip_unavailable': False, 'install_base': '/home/golam_sadek/ur3robot_ws/install/ur3robot_description', 'merge_install': False, 'path': '/home/golam_sadek/ur3robot_ws/src/ur3robot_description', 'symlink_install': False, 'test_result_base': None}
[0.425s] INFO:colcon.colcon_core.executor:Executing jobs using 'parallel' executor
[0.427s] DEBUG:colcon.colcon_parallel_executor.executor.parallel:run_until_complete
[0.427s] INFO:colcon.colcon_ros.task.ament_cmake.build:Building ROS package in '/home/golam_sadek/ur3robot_ws/src/ur3robot_controller' with build type 'ament_cmake'
[0.427s] INFO:colcon.colcon_cmake.task.cmake.build:Building CMake package in '/home/golam_sadek/ur3robot_ws/src/ur3robot_controller'
[0.429s] INFO:colcon.colcon_core.plugin_system:Skipping extension 'colcon_core.shell.bat': Not used on non-Windows systems
[0.429s] INFO:colcon.colcon_core.shell:Skip shell extension 'powershell' for command environment: Not usable outside of PowerShell
[0.429s] DEBUG:colcon.colcon_core.shell:Skip shell extension 'dsv' for command environment
[0.434s] INFO:colcon.colcon_ros.task.ament_cmake.build:Building ROS package in '/home/golam_sadek/ur3robot_ws/src/ur3robot_description' with build type 'ament_cmake'
[0.434s] INFO:colcon.colcon_cmake.task.cmake.build:Building CMake package in '/home/golam_sadek/ur3robot_ws/src/ur3robot_description'
[0.434s] INFO:colcon.colcon_core.shell:Skip shell extension 'powershell' for command environment: Not usable outside of PowerShell
[0.435s] DEBUG:colcon.colcon_core.shell:Skip shell extension 'dsv' for command environment
[0.444s] DEBUG:colcon.colcon_core.event_handler.log_command:Invoking command in '/home/golam_sadek/ur3robot_ws/build/ur3robot_controller': CMAKE_PREFIX_PATH=${CMAKE_PREFIX_PATH}:/home/golam_sadek/turtlebot3_drlnav/install/turtlebot3_drl:/opt/ros/humble /usr/bin/cmake --build /home/golam_sadek/ur3robot_ws/build/ur3robot_controller -- -j8 -l8
[0.447s] DEBUG:colcon.colcon_core.event_handler.log_command:Invoking command in '/home/golam_sadek/ur3robot_ws/build/ur3robot_description': CMAKE_PREFIX_PATH=${CMAKE_PREFIX_PATH}:/home/golam_sadek/turtlebot3_drlnav/install/turtlebot3_drl:/opt/ros/humble /usr/bin/cmake --build /home/golam_sadek/ur3robot_ws/build/ur3robot_description -- -j8 -l8
[0.483s] DEBUG:colcon.colcon_core.event_handler.log_command:Invoked command in '/home/golam_sadek/ur3robot_ws/build/ur3robot_controller' returned '0': CMAKE_PREFIX_PATH=${CMAKE_PREFIX_PATH}:/home/golam_sadek/turtlebot3_drlnav/install/turtlebot3_drl:/opt/ros/humble /usr/bin/cmake --build /home/golam_sadek/ur3robot_ws/build/ur3robot_controller -- -j8 -l8
[0.492s] DEBUG:colcon.colcon_core.event_handler.log_command:Invoking command in '/home/golam_sadek/ur3robot_ws/build/ur3robot_controller': CMAKE_PREFIX_PATH=${CMAKE_PREFIX_PATH}:/home/golam_sadek/turtlebot3_drlnav/install/turtlebot3_drl:/opt/ros/humble /usr/bin/cmake --install /home/golam_sadek/ur3robot_ws/build/ur3robot_controller
[0.493s] DEBUG:colcon.colcon_core.event_handler.log_command:Invoked command in '/home/golam_sadek/ur3robot_ws/build/ur3robot_description' returned '0': CMAKE_PREFIX_PATH=${CMAKE_PREFIX_PATH}:/home/golam_sadek/turtlebot3_drlnav/install/turtlebot3_drl:/opt/ros/humble /usr/bin/cmake --build /home/golam_sadek/ur3robot_ws/build/ur3robot_description -- -j8 -l8
[0.495s] DEBUG:colcon.colcon_core.event_handler.log_command:Invoking command in '/home/golam_sadek/ur3robot_ws/build/ur3robot_description': CMAKE_PREFIX_PATH=${CMAKE_PREFIX_PATH}:/home/golam_sadek/turtlebot3_drlnav/install/turtlebot3_drl:/opt/ros/humble /usr/bin/cmake --install /home/golam_sadek/ur3robot_ws/build/ur3robot_description
[0.501s] Level 1:colcon.colcon_core.environment:create_environment_scripts_only(ur3robot_controller)
[0.502s] DEBUG:colcon.colcon_core.event_handler.log_command:Invoked command in '/home/golam_sadek/ur3robot_ws/build/ur3robot_controller' returned '0': CMAKE_PREFIX_PATH=${CMAKE_PREFIX_PATH}:/home/golam_sadek/turtlebot3_drlnav/install/turtlebot3_drl:/opt/ros/humble /usr/bin/cmake --install /home/golam_sadek/ur3robot_ws/build/ur3robot_controller
[0.508s] Level 1:colcon.colcon_core.environment:checking '/home/golam_sadek/ur3robot_ws/install/ur3robot_controller' for CMake module files
[0.508s] Level 1:colcon.colcon_core.environment:checking '/home/golam_sadek/ur3robot_ws/install/ur3robot_controller' for CMake config files
[0.508s] Level 1:colcon.colcon_core.shell:create_environment_hook('ur3robot_controller', 'cmake_prefix_path')
[0.509s] INFO:colcon.colcon_core.shell:Creating environment hook '/home/golam_sadek/ur3robot_ws/install/ur3robot_controller/share/ur3robot_controller/hook/cmake_prefix_path.ps1'
[0.509s] INFO:colcon.colcon_core.shell:Creating environment descriptor '/home/golam_sadek/ur3robot_ws/install/ur3robot_controller/share/ur3robot_controller/hook/cmake_prefix_path.dsv'
[0.510s] INFO:colcon.colcon_core.shell:Creating environment hook '/home/golam_sadek/ur3robot_ws/install/ur3robot_controller/share/ur3robot_controller/hook/cmake_prefix_path.sh'
[0.510s] Level 1:colcon.colcon_core.environment:checking '/home/golam_sadek/ur3robot_ws/install/ur3robot_controller/bin'
[0.511s] Level 1:colcon.colcon_core.environment:checking '/home/golam_sadek/ur3robot_ws/install/ur3robot_controller/lib/pkgconfig/ur3robot_controller.pc'
[0.511s] Level 1:colcon.colcon_core.environment:checking '/home/golam_sadek/ur3robot_ws/install/ur3robot_controller/lib/python3.10/site-packages'
[0.511s] Level 1:colcon.colcon_core.environment:checking '/home/golam_sadek/ur3robot_ws/install/ur3robot_controller/bin'
[0.511s] INFO:colcon.colcon_core.shell:Creating package script '/home/golam_sadek/ur3robot_ws/install/ur3robot_controller/share/ur3robot_controller/package.ps1'
[0.512s] INFO:colcon.colcon_core.shell:Creating package descriptor '/home/golam_sadek/ur3robot_ws/install/ur3robot_controller/share/ur3robot_controller/package.dsv'
[0.513s] INFO:colcon.colcon_core.shell:Creating package script '/home/golam_sadek/ur3robot_ws/install/ur3robot_controller/share/ur3robot_controller/package.sh'
[0.513s] INFO:colcon.colcon_core.shell:Creating package script '/home/golam_sadek/ur3robot_ws/install/ur3robot_controller/share/ur3robot_controller/package.bash'
[0.514s] INFO:colcon.colcon_core.shell:Creating package script '/home/golam_sadek/ur3robot_ws/install/ur3robot_controller/share/ur3robot_controller/package.zsh'
[0.515s] Level 1:colcon.colcon_core.environment:create_file_with_runtime_dependencies(/home/golam_sadek/ur3robot_ws/install/ur3robot_controller/share/colcon-core/packages/ur3robot_controller)
[0.515s] Level 1:colcon.colcon_core.environment:create_environment_scripts_only(ur3robot_controller)
[0.516s] Level 1:colcon.colcon_core.environment:checking '/home/golam_sadek/ur3robot_ws/install/ur3robot_controller' for CMake module files
[0.516s] Level 1:colcon.colcon_core.environment:checking '/home/golam_sadek/ur3robot_ws/install/ur3robot_controller' for CMake config files
[0.516s] Level 1:colcon.colcon_core.shell:create_environment_hook('ur3robot_controller', 'cmake_prefix_path')
[0.517s] INFO:colcon.colcon_core.shell:Creating environment hook '/home/golam_sadek/ur3robot_ws/install/ur3robot_controller/share/ur3robot_controller/hook/cmake_prefix_path.ps1'
[0.517s] INFO:colcon.colcon_core.shell:Creating environment descriptor '/home/golam_sadek/ur3robot_ws/install/ur3robot_controller/share/ur3robot_controller/hook/cmake_prefix_path.dsv'
[0.518s] INFO:colcon.colcon_core.shell:Creating environment hook '/home/golam_sadek/ur3robot_ws/install/ur3robot_controller/share/ur3robot_controller/hook/cmake_prefix_path.sh'
[0.518s] Level 1:colcon.colcon_core.environment:checking '/home/golam_sadek/ur3robot_ws/install/ur3robot_controller/bin'
[0.518s] Level 1:colcon.colcon_core.environment:checking '/home/golam_sadek/ur3robot_ws/install/ur3robot_controller/lib/pkgconfig/ur3robot_controller.pc'
[0.519s] Level 1:colcon.colcon_core.environment:checking '/home/golam_sadek/ur3robot_ws/install/ur3robot_controller/lib/python3.10/site-packages'
[0.519s] Level 1:colcon.colcon_core.environment:checking '/home/golam_sadek/ur3robot_ws/install/ur3robot_controller/bin'
[0.519s] INFO:colcon.colcon_core.shell:Creating package script '/home/golam_sadek/ur3robot_ws/install/ur3robot_controller/share/ur3robot_controller/package.ps1'
[0.520s] INFO:colcon.colcon_core.shell:Creating package descriptor '/home/golam_sadek/ur3robot_ws/install/ur3robot_controller/share/ur3robot_controller/package.dsv'
[0.520s] INFO:colcon.colcon_core.shell:Creating package script '/home/golam_sadek/ur3robot_ws/install/ur3robot_controller/share/ur3robot_controller/package.sh'
[0.520s] INFO:colcon.colcon_core.shell:Creating package script '/home/golam_sadek/ur3robot_ws/install/ur3robot_controller/share/ur3robot_controller/package.bash'
[0.521s] INFO:colcon.colcon_core.shell:Creating package script '/home/golam_sadek/ur3robot_ws/install/ur3robot_controller/share/ur3robot_controller/package.zsh'
[0.521s] Level 1:colcon.colcon_core.environment:create_file_with_runtime_dependencies(/home/golam_sadek/ur3robot_ws/install/ur3robot_controller/share/colcon-core/packages/ur3robot_controller)
[0.522s] Level 1:colcon.colcon_core.environment:create_environment_scripts_only(ur3robot_description)
[0.522s] Level 1:colcon.colcon_core.environment:checking '/home/golam_sadek/ur3robot_ws/install/ur3robot_description' for CMake module files
[0.523s] DEBUG:colcon.colcon_core.event_handler.log_command:Invoked command in '/home/golam_sadek/ur3robot_ws/build/ur3robot_description' returned '0': CMAKE_PREFIX_PATH=${CMAKE_PREFIX_PATH}:/home/golam_sadek/turtlebot3_drlnav/install/turtlebot3_drl:/opt/ros/humble /usr/bin/cmake --install /home/golam_sadek/ur3robot_ws/build/ur3robot_description
[0.523s] Level 1:colcon.colcon_core.environment:checking '/home/golam_sadek/ur3robot_ws/install/ur3robot_description' for CMake config files
[0.523s] Level 1:colcon.colcon_core.shell:create_environment_hook('ur3robot_description', 'cmake_prefix_path')
[0.524s] INFO:colcon.colcon_core.shell:Creating environment hook '/home/golam_sadek/ur3robot_ws/install/ur3robot_description/share/ur3robot_description/hook/cmake_prefix_path.ps1'
[0.524s] INFO:colcon.colcon_core.shell:Creating environment descriptor '/home/golam_sadek/ur3robot_ws/install/ur3robot_description/share/ur3robot_description/hook/cmake_prefix_path.dsv'
[0.525s] INFO:colcon.colcon_core.shell:Creating environment hook '/home/golam_sadek/ur3robot_ws/install/ur3robot_description/share/ur3robot_description/hook/cmake_prefix_path.sh'
[0.525s] Level 1:colcon.colcon_core.environment:checking '/home/golam_sadek/ur3robot_ws/install/ur3robot_description/bin'
[0.525s] Level 1:colcon.colcon_core.environment:checking '/home/golam_sadek/ur3robot_ws/install/ur3robot_description/lib/pkgconfig/ur3robot_description.pc'
[0.526s] Level 1:colcon.colcon_core.environment:checking '/home/golam_sadek/ur3robot_ws/install/ur3robot_description/lib/python3.10/site-packages'
[0.526s] Level 1:colcon.colcon_core.environment:checking '/home/golam_sadek/ur3robot_ws/install/ur3robot_description/bin'
[0.526s] INFO:colcon.colcon_core.shell:Creating package script '/home/golam_sadek/ur3robot_ws/install/ur3robot_description/share/ur3robot_description/package.ps1'
[0.527s] INFO:colcon.colcon_core.shell:Creating package descriptor '/home/golam_sadek/ur3robot_ws/install/ur3robot_description/share/ur3robot_description/package.dsv'
[0.527s] INFO:colcon.colcon_core.shell:Creating package script '/home/golam_sadek/ur3robot_ws/install/ur3robot_description/share/ur3robot_description/package.sh'
[0.528s] INFO:colcon.colcon_core.shell:Creating package script '/home/golam_sadek/ur3robot_ws/install/ur3robot_description/share/ur3robot_description/package.bash'
[0.528s] INFO:colcon.colcon_core.shell:Creating package script '/home/golam_sadek/ur3robot_ws/install/ur3robot_description/share/ur3robot_description/package.zsh'
[0.528s] Level 1:colcon.colcon_core.environment:create_file_with_runtime_dependencies(/home/golam_sadek/ur3robot_ws/install/ur3robot_description/share/colcon-core/packages/ur3robot_description)
[0.529s] Level 1:colcon.colcon_core.environment:create_environment_scripts_only(ur3robot_description)
[0.529s] Level 1:colcon.colcon_core.environment:checking '/home/golam_sadek/ur3robot_ws/install/ur3robot_description' for CMake module files
[0.530s] Level 1:colcon.colcon_core.environment:checking '/home/golam_sadek/ur3robot_ws/install/ur3robot_description' for CMake config files
[0.530s] Level 1:colcon.colcon_core.shell:create_environment_hook('ur3robot_description', 'cmake_prefix_path')
[0.530s] INFO:colcon.colcon_core.shell:Creating environment hook '/home/golam_sadek/ur3robot_ws/install/ur3robot_description/share/ur3robot_description/hook/cmake_prefix_path.ps1'
[0.531s] INFO:colcon.colcon_core.shell:Creating environment descriptor '/home/golam_sadek/ur3robot_ws/install/ur3robot_description/share/ur3robot_description/hook/cmake_prefix_path.dsv'
[0.531s] INFO:colcon.colcon_core.shell:Creating environment hook '/home/golam_sadek/ur3robot_ws/install/ur3robot_description/share/ur3robot_description/hook/cmake_prefix_path.sh'
[0.532s] Level 1:colcon.colcon_core.environment:checking '/home/golam_sadek/ur3robot_ws/install/ur3robot_description/bin'
[0.532s] Level 1:colcon.colcon_core.environment:checking '/home/golam_sadek/ur3robot_ws/install/ur3robot_description/lib/pkgconfig/ur3robot_description.pc'
[0.532s] Level 1:colcon.colcon_core.environment:checking '/home/golam_sadek/ur3robot_ws/install/ur3robot_description/lib/python3.10/site-packages'
[0.533s] Level 1:colcon.colcon_core.environment:checking '/home/golam_sadek/ur3robot_ws/install/ur3robot_description/bin'
[0.533s] INFO:colcon.colcon_core.shell:Creating package script '/home/golam_sadek/ur3robot_ws/install/ur3robot_description/share/ur3robot_description/package.ps1'
[0.534s] INFO:colcon.colcon_core.shell:Creating package descriptor '/home/golam_sadek/ur3robot_ws/install/ur3robot_description/share/ur3robot_description/package.dsv'
[0.535s] INFO:colcon.colcon_core.shell:Creating package script '/home/golam_sadek/ur3robot_ws/install/ur3robot_description/share/ur3robot_description/package.sh'
[0.535s] INFO:colcon.colcon_core.shell:Creating package script '/home/golam_sadek/ur3robot_ws/install/ur3robot_description/share/ur3robot_description/package.bash'
[0.535s] INFO:colcon.colcon_core.shell:Creating package script '/home/golam_sadek/ur3robot_ws/install/ur3robot_description/share/ur3robot_description/package.zsh'
[0.536s] Level 1:colcon.colcon_core.environment:create_file_with_runtime_dependencies(/home/golam_sadek/ur3robot_ws/install/ur3robot_description/share/colcon-core/packages/ur3robot_description)
[0.536s] DEBUG:colcon.colcon_parallel_executor.executor.parallel:closing loop
[0.537s] DEBUG:colcon.colcon_parallel_executor.executor.parallel:loop closed
[0.537s] DEBUG:colcon.colcon_parallel_executor.executor.parallel:run_until_complete finished with '0'
[0.537s] DEBUG:colcon.colcon_core.event_reactor:joining thread
[0.543s] INFO:colcon.colcon_core.plugin_system:Skipping extension 'colcon_notification.desktop_notification.terminal_notifier': Not used on non-Darwin systems
[0.543s] INFO:colcon.colcon_core.plugin_system:Skipping extension 'colcon_notification.desktop_notification.win32': Not used on non-Windows systems
[0.543s] INFO:colcon.colcon_notification.desktop_notification:Sending desktop notification using 'notify2'
[0.550s] DEBUG:colcon.colcon_core.event_reactor:joined thread
[0.551s] INFO:colcon.colcon_core.shell:Creating prefix script '/home/golam_sadek/ur3robot_ws/install/local_setup.ps1'
[0.552s] INFO:colcon.colcon_core.shell:Creating prefix util module '/home/golam_sadek/ur3robot_ws/install/_local_setup_util_ps1.py'
[0.553s] INFO:colcon.colcon_core.shell:Creating prefix chain script '/home/golam_sadek/ur3robot_ws/install/setup.ps1'
[0.555s] INFO:colcon.colcon_core.shell:Creating prefix script '/home/golam_sadek/ur3robot_ws/install/local_setup.sh'
[0.555s] INFO:colcon.colcon_core.shell:Creating prefix util module '/home/golam_sadek/ur3robot_ws/install/_local_setup_util_sh.py'
[0.556s] INFO:colcon.colcon_core.shell:Creating prefix chain script '/home/golam_sadek/ur3robot_ws/install/setup.sh'
[0.558s] INFO:colcon.colcon_core.shell:Creating prefix script '/home/golam_sadek/ur3robot_ws/install/local_setup.bash'
[0.558s] INFO:colcon.colcon_core.shell:Creating prefix chain script '/home/golam_sadek/ur3robot_ws/install/setup.bash'
[0.560s] INFO:colcon.colcon_core.shell:Creating prefix script '/home/golam_sadek/ur3robot_ws/install/local_setup.zsh'
[0.560s] INFO:colcon.colcon_core.shell:Creating prefix chain script '/home/golam_sadek/ur3robot_ws/install/setup.zsh'
