[0.009s] Invoking command in '/home/golam_sadek/ur3robot_ws/build/ur3robot_description': CMAKE_PREFIX_PATH=${CMAKE_PREFIX_PATH}:/opt/ros/humble /usr/bin/cmake /home/golam_sadek/ur3robot_ws/src/ur3robot_description -DCMAKE_INSTALL_PREFIX=/home/golam_sadek/ur3robot_ws/install/ur3robot_description
[0.271s] -- The C compiler identification is GNU 11.4.0
[0.419s] -- The CXX compiler identification is GNU 11.4.0
[0.428s] -- Detecting C compiler ABI info
[0.506s] -- Detecting C compiler ABI info - done
[0.514s] -- Check for working C compiler: /usr/bin/cc - skipped
[0.515s] -- Detecting C compile features
[0.516s] -- Detecting C compile features - done
[0.520s] -- Detecting CXX compiler ABI info
[0.603s] -- Detecting CXX compiler ABI info - done
[0.610s] -- Check for working CXX compiler: /usr/bin/c++ - skipped
[0.610s] -- Detecting CXX compile features
[0.610s] -- Detecting CXX compile features - done
[0.615s] -- Found ament_cmake: 1.3.11 (/opt/ros/humble/share/ament_cmake/cmake)
[0.755s] -- Found Python3: /usr/bin/python3 (found version "3.10.12") found components: Interpreter 
[0.927s] -- Found ament_lint_auto: 0.12.12 (/opt/ros/humble/share/ament_lint_auto/cmake)
[1.024s] -- Added test 'lint_cmake' to check CMake code style
[1.026s] -- Added test 'xmllint' to check XML markup files
[1.028s] -- Configuring done
[1.030s] -- Generating done
[1.032s] -- Build files have been written to: /home/golam_sadek/ur3robot_ws/build/ur3robot_description
[1.036s] Invoked command in '/home/golam_sadek/ur3robot_ws/build/ur3robot_description' returned '0': CMAKE_PREFIX_PATH=${CMAKE_PREFIX_PATH}:/opt/ros/humble /usr/bin/cmake /home/golam_sadek/ur3robot_ws/src/ur3robot_description -DCMAKE_INSTALL_PREFIX=/home/golam_sadek/ur3robot_ws/install/ur3robot_description
[1.038s] Invoking command in '/home/golam_sadek/ur3robot_ws/build/ur3robot_description': CMAKE_PREFIX_PATH=${CMAKE_PREFIX_PATH}:/opt/ros/humble /usr/bin/cmake --build /home/golam_sadek/ur3robot_ws/build/ur3robot_description -- -j8 -l8
[1.077s] Invoked command in '/home/golam_sadek/ur3robot_ws/build/ur3robot_description' returned '0': CMAKE_PREFIX_PATH=${CMAKE_PREFIX_PATH}:/opt/ros/humble /usr/bin/cmake --build /home/golam_sadek/ur3robot_ws/build/ur3robot_description -- -j8 -l8
[1.088s] Invoking command in '/home/golam_sadek/ur3robot_ws/build/ur3robot_description': CMAKE_PREFIX_PATH=${CMAKE_PREFIX_PATH}:/opt/ros/humble /usr/bin/cmake --install /home/golam_sadek/ur3robot_ws/build/ur3robot_description
[1.095s] -- Install configuration: ""
[1.095s] -- Installing: /home/golam_sadek/ur3robot_ws/install/ur3robot_description/share/ament_index/resource_index/package_run_dependencies/ur3robot_description
[1.095s] -- Installing: /home/golam_sadek/ur3robot_ws/install/ur3robot_description/share/ament_index/resource_index/parent_prefix_path/ur3robot_description
[1.095s] -- Installing: /home/golam_sadek/ur3robot_ws/install/ur3robot_description/share/ur3robot_description/environment/ament_prefix_path.sh
[1.095s] -- Installing: /home/golam_sadek/ur3robot_ws/install/ur3robot_description/share/ur3robot_description/environment/ament_prefix_path.dsv
[1.095s] -- Installing: /home/golam_sadek/ur3robot_ws/install/ur3robot_description/share/ur3robot_description/environment/path.sh
[1.095s] -- Installing: /home/golam_sadek/ur3robot_ws/install/ur3robot_description/share/ur3robot_description/environment/path.dsv
[1.095s] -- Installing: /home/golam_sadek/ur3robot_ws/install/ur3robot_description/share/ur3robot_description/local_setup.bash
[1.095s] -- Installing: /home/golam_sadek/ur3robot_ws/install/ur3robot_description/share/ur3robot_description/local_setup.sh
[1.095s] -- Installing: /home/golam_sadek/ur3robot_ws/install/ur3robot_description/share/ur3robot_description/local_setup.zsh
[1.095s] -- Installing: /home/golam_sadek/ur3robot_ws/install/ur3robot_description/share/ur3robot_description/local_setup.dsv
[1.096s] -- Installing: /home/golam_sadek/ur3robot_ws/install/ur3robot_description/share/ur3robot_description/package.dsv
[1.096s] -- Installing: /home/golam_sadek/ur3robot_ws/install/ur3robot_description/share/ament_index/resource_index/packages/ur3robot_description
[1.096s] -- Installing: /home/golam_sadek/ur3robot_ws/install/ur3robot_description/share/ur3robot_description/cmake/ur3robot_descriptionConfig.cmake
[1.096s] -- Installing: /home/golam_sadek/ur3robot_ws/install/ur3robot_description/share/ur3robot_description/cmake/ur3robot_descriptionConfig-version.cmake
[1.096s] -- Installing: /home/golam_sadek/ur3robot_ws/install/ur3robot_description/share/ur3robot_description/package.xml
[1.098s] Invoked command in '/home/golam_sadek/ur3robot_ws/build/ur3robot_description' returned '0': CMAKE_PREFIX_PATH=${CMAKE_PREFIX_PATH}:/opt/ros/humble /usr/bin/cmake --install /home/golam_sadek/ur3robot_ws/build/ur3robot_description
