[0.009s] Invoking command in '/home/golam_sadek/ur3robot_ws/build/ur3robot_description': CMAKE_PREFIX_PATH=${CMAKE_PREFIX_PATH}:/opt/ros/humble /usr/bin/cmake /home/golam_sadek/ur3robot_ws/src/ur3robot_description -DCMAKE_INSTALL_PREFIX=/home/golam_sadek/ur3robot_ws/install/ur3robot_description
[0.021s] -- Found ament_cmake: 1.3.11 (/opt/ros/humble/share/ament_cmake/cmake)
[0.145s] -- Override CMake install command with custom implementation using symlinks instead of copying resources
[0.152s] -- Found ament_lint_auto: 0.12.12 (/opt/ros/humble/share/ament_lint_auto/cmake)
[0.223s] -- Added test 'flake8' to check Python code syntax and style conventions
[0.223s] -- Added test 'lint_cmake' to check CMake code style
[0.224s] -- Added test 'pep257' to check Python code against some of the docstring style conventions in PEP 257
[0.225s] -- Added test 'xmllint' to check XML markup files
[0.226s] -- Configuring done
[0.229s] -- Generating done
[0.338s] -- Build files have been written to: /home/golam_sadek/ur3robot_ws/build/ur3robot_description
[0.341s] Invoked command in '/home/golam_sadek/ur3robot_ws/build/ur3robot_description' returned '0': CMAKE_PREFIX_PATH=${CMAKE_PREFIX_PATH}:/opt/ros/humble /usr/bin/cmake /home/golam_sadek/ur3robot_ws/src/ur3robot_description -DCMAKE_INSTALL_PREFIX=/home/golam_sadek/ur3robot_ws/install/ur3robot_description
[0.344s] Invoking command in '/home/golam_sadek/ur3robot_ws/build/ur3robot_description': CMAKE_PREFIX_PATH=${CMAKE_PREFIX_PATH}:/opt/ros/humble /usr/bin/cmake --build /home/golam_sadek/ur3robot_ws/build/ur3robot_description -- -j8 -l8
[0.388s] Invoked command in '/home/golam_sadek/ur3robot_ws/build/ur3robot_description' returned '0': CMAKE_PREFIX_PATH=${CMAKE_PREFIX_PATH}:/opt/ros/humble /usr/bin/cmake --build /home/golam_sadek/ur3robot_ws/build/ur3robot_description -- -j8 -l8
[0.400s] Invoking command in '/home/golam_sadek/ur3robot_ws/build/ur3robot_description': CMAKE_PREFIX_PATH=${CMAKE_PREFIX_PATH}:/opt/ros/humble /usr/bin/cmake --install /home/golam_sadek/ur3robot_ws/build/ur3robot_description
[0.407s] -- Install configuration: ""
[0.408s] -- Execute custom install script
[0.408s] -- Up-to-date symlink: /home/golam_sadek/ur3robot_ws/install/ur3robot_description/share/ur3robot_description/meshes/base_plate.STL
[0.409s] -- Up-to-date symlink: /home/golam_sadek/ur3robot_ws/install/ur3robot_description/share/ur3robot_description/meshes/basement.STL
[0.409s] -- Up-to-date symlink: /home/golam_sadek/ur3robot_ws/install/ur3robot_description/share/ur3robot_description/meshes/claw_support.STL
[0.409s] -- Up-to-date symlink: /home/golam_sadek/ur3robot_ws/install/ur3robot_description/share/ur3robot_description/meshes/forward_drive_arm.STL
[0.409s] -- Up-to-date symlink: /home/golam_sadek/ur3robot_ws/install/ur3robot_description/share/ur3robot_description/meshes/horizontal_arm.STL
[0.409s] -- Up-to-date symlink: /home/golam_sadek/ur3robot_ws/install/ur3robot_description/share/ur3robot_description/meshes/left_finger.STL
[0.410s] -- Up-to-date symlink: /home/golam_sadek/ur3robot_ws/install/ur3robot_description/share/ur3robot_description/meshes/link.STL
[0.410s] -- Up-to-date symlink: /home/golam_sadek/ur3robot_ws/install/ur3robot_description/share/ur3robot_description/meshes/plate.STL
[0.410s] -- Up-to-date symlink: /home/golam_sadek/ur3robot_ws/install/ur3robot_description/share/ur3robot_description/meshes/right_finger.STL
[0.411s] -- Up-to-date symlink: /home/golam_sadek/ur3robot_ws/install/ur3robot_description/share/ur3robot_description/meshes/round_plate.STL
[0.412s] -- Up-to-date symlink: /home/golam_sadek/ur3robot_ws/install/ur3robot_description/share/ur3robot_description/meshes/servo_plate.STL
[0.412s] -- Up-to-date symlink: /home/golam_sadek/ur3robot_ws/install/ur3robot_description/share/ur3robot_description/meshes/triangular_link.STL
[0.412s] -- Up-to-date symlink: /home/golam_sadek/ur3robot_ws/install/ur3robot_description/share/ur3robot_description/meshes/vertical_drive_arm.STL
[0.412s] -- Up-to-date symlink: /home/golam_sadek/ur3robot_ws/install/ur3robot_description/share/ur3robot_description/urdf/ur3robot.urdf.xacro
[0.413s] -- Symlinking: /home/golam_sadek/ur3robot_ws/install/ur3robot_description/share/ur3robot_description/launch/display.launch.py
[0.423s] -- Symlinking: /home/golam_sadek/ur3robot_ws/install/ur3robot_description/share/ur3robot_description/rviz/display.rviz
[0.434s] -- Up-to-date symlink: /home/golam_sadek/ur3robot_ws/install/ur3robot_description/share/ament_index/resource_index/package_run_dependencies/ur3robot_description
[0.434s] -- Up-to-date symlink: /home/golam_sadek/ur3robot_ws/install/ur3robot_description/share/ament_index/resource_index/parent_prefix_path/ur3robot_description
[0.434s] -- Up-to-date symlink: /home/golam_sadek/ur3robot_ws/install/ur3robot_description/share/ur3robot_description/environment/ament_prefix_path.sh
[0.435s] -- Up-to-date symlink: /home/golam_sadek/ur3robot_ws/install/ur3robot_description/share/ur3robot_description/environment/ament_prefix_path.dsv
[0.435s] -- Up-to-date symlink: /home/golam_sadek/ur3robot_ws/install/ur3robot_description/share/ur3robot_description/environment/path.sh
[0.435s] -- Up-to-date symlink: /home/golam_sadek/ur3robot_ws/install/ur3robot_description/share/ur3robot_description/environment/path.dsv
[0.435s] -- Up-to-date symlink: /home/golam_sadek/ur3robot_ws/install/ur3robot_description/share/ur3robot_description/local_setup.bash
[0.436s] -- Up-to-date symlink: /home/golam_sadek/ur3robot_ws/install/ur3robot_description/share/ur3robot_description/local_setup.sh
[0.436s] -- Up-to-date symlink: /home/golam_sadek/ur3robot_ws/install/ur3robot_description/share/ur3robot_description/local_setup.zsh
[0.436s] -- Up-to-date symlink: /home/golam_sadek/ur3robot_ws/install/ur3robot_description/share/ur3robot_description/local_setup.dsv
[0.436s] -- Symlinking: /home/golam_sadek/ur3robot_ws/install/ur3robot_description/share/ur3robot_description/package.dsv
[0.448s] -- Up-to-date symlink: /home/golam_sadek/ur3robot_ws/install/ur3robot_description/share/ament_index/resource_index/packages/ur3robot_description
[0.448s] -- Up-to-date symlink: /home/golam_sadek/ur3robot_ws/install/ur3robot_description/share/ur3robot_description/cmake/ur3robot_descriptionConfig.cmake
[0.448s] -- Up-to-date symlink: /home/golam_sadek/ur3robot_ws/install/ur3robot_description/share/ur3robot_description/cmake/ur3robot_descriptionConfig-version.cmake
[0.448s] -- Up-to-date symlink: /home/golam_sadek/ur3robot_ws/install/ur3robot_description/share/ur3robot_description/package.xml
[0.451s] Invoked command in '/home/golam_sadek/ur3robot_ws/build/ur3robot_description' returned '0': CMAKE_PREFIX_PATH=${CMAKE_PREFIX_PATH}:/opt/ros/humble /usr/bin/cmake --install /home/golam_sadek/ur3robot_ws/build/ur3robot_description
