[0.111s] DEBUG:colcon:Command line arguments: ['/usr/bin/colcon', 'build']
[0.111s] DEBUG:colcon:Parsed command line arguments: Namespace(log_base=None, log_level=None, verb_name='build', build_base='build', install_base='install', merge_install=False, symlink_install=False, test_result_base=None, continue_on_error=False, executor='parallel', parallel_workers=8, event_handlers=None, ignore_user_meta=False, metas=['./colcon.meta'], base_paths=['.'], packages_ignore=None, packages_ignore_regex=None, paths=None, packages_up_to=None, packages_up_to_regex=None, packages_above=None, packages_above_and_dependencies=None, packages_above_depth=None, packages_select_by_dep=None, packages_skip_by_dep=None, packages_skip_up_to=None, packages_select_build_failed=False, packages_skip_build_finished=False, packages_select_test_failures=False, packages_skip_test_passed=False, packages_select=None, packages_skip=None, packages_select_regex=None, packages_skip_regex=None, packages_start=None, packages_end=None, allow_overriding=[], cmake_args=None, cmake_target=None, cmake_target_skip_unavailable=False, cmake_clean_cache=False, cmake_clean_first=False, cmake_force_configure=False, ament_cmake_args=None, catkin_cmake_args=None, catkin_skip_building_tests=False, verb_parser=<colcon_defaults.argument_parser.defaults.DefaultArgumentsDecorator object at 0x7e681f35fac0>, verb_extension=<colcon_core.verb.build.BuildVerb object at 0x7e681f35f5b0>, main=<bound method BuildVerb.main of <colcon_core.verb.build.BuildVerb object at 0x7e681f35f5b0>>)
[0.359s] Level 1:colcon.colcon_core.package_discovery:discover_packages(colcon_meta) check parameters
[0.360s] Level 1:colcon.colcon_core.package_discovery:discover_packages(recursive) check parameters
[0.360s] Level 1:colcon.colcon_core.package_discovery:discover_packages(ignore) check parameters
[0.360s] Level 1:colcon.colcon_core.package_discovery:discover_packages(path) check parameters
[0.360s] Level 1:colcon.colcon_core.package_discovery:discover_packages(colcon_meta) discover
[0.360s] Level 1:colcon.colcon_core.package_discovery:discover_packages(recursive) discover
[0.360s] INFO:colcon.colcon_core.package_discovery:Crawling recursively for packages in '/home/golam_sadek/ur3robot_ws'
[0.360s] Level 1:colcon.colcon_core.package_identification:_identify(.) by extensions ['ignore', 'ignore_ament_install']
[0.360s] Level 1:colcon.colcon_core.package_identification:_identify(.) by extension 'ignore'
[0.360s] Level 1:colcon.colcon_core.package_identification:_identify(.) by extension 'ignore_ament_install'
[0.360s] Level 1:colcon.colcon_core.package_identification:_identify(.) by extensions ['colcon_pkg']
[0.360s] Level 1:colcon.colcon_core.package_identification:_identify(.) by extension 'colcon_pkg'
[0.360s] Level 1:colcon.colcon_core.package_identification:_identify(.) by extensions ['colcon_meta']
[0.360s] Level 1:colcon.colcon_core.package_identification:_identify(.) by extension 'colcon_meta'
[0.360s] Level 1:colcon.colcon_core.package_identification:_identify(.) by extensions ['ros']
[0.360s] Level 1:colcon.colcon_core.package_identification:_identify(.) by extension 'ros'
[0.384s] Level 1:colcon.colcon_core.package_identification:_identify(.) by extensions ['cmake', 'python']
[0.384s] Level 1:colcon.colcon_core.package_identification:_identify(.) by extension 'cmake'
[0.384s] Level 1:colcon.colcon_core.package_identification:_identify(.) by extension 'python'
[0.384s] Level 1:colcon.colcon_core.package_identification:_identify(.) by extensions ['python_setup_py']
[0.384s] Level 1:colcon.colcon_core.package_identification:_identify(.) by extension 'python_setup_py'
[0.385s] Level 1:colcon.colcon_core.package_identification:_identify(build) by extensions ['ignore', 'ignore_ament_install']
[0.385s] Level 1:colcon.colcon_core.package_identification:_identify(build) by extension 'ignore'
[0.385s] Level 1:colcon.colcon_core.package_identification:_identify(build) ignored
[0.385s] Level 1:colcon.colcon_core.package_identification:_identify(install) by extensions ['ignore', 'ignore_ament_install']
[0.385s] Level 1:colcon.colcon_core.package_identification:_identify(install) by extension 'ignore'
[0.385s] Level 1:colcon.colcon_core.package_identification:_identify(install) ignored
[0.385s] Level 1:colcon.colcon_core.package_identification:_identify(log) by extensions ['ignore', 'ignore_ament_install']
[0.385s] Level 1:colcon.colcon_core.package_identification:_identify(log) by extension 'ignore'
[0.385s] Level 1:colcon.colcon_core.package_identification:_identify(log) ignored
[0.385s] Level 1:colcon.colcon_core.package_identification:_identify(src) by extensions ['ignore', 'ignore_ament_install']
[0.385s] Level 1:colcon.colcon_core.package_identification:_identify(src) by extension 'ignore'
[0.385s] Level 1:colcon.colcon_core.package_identification:_identify(src) by extension 'ignore_ament_install'
[0.385s] Level 1:colcon.colcon_core.package_identification:_identify(src) by extensions ['colcon_pkg']
[0.385s] Level 1:colcon.colcon_core.package_identification:_identify(src) by extension 'colcon_pkg'
[0.386s] Level 1:colcon.colcon_core.package_identification:_identify(src) by extensions ['colcon_meta']
[0.386s] Level 1:colcon.colcon_core.package_identification:_identify(src) by extension 'colcon_meta'
[0.386s] Level 1:colcon.colcon_core.package_identification:_identify(src) by extensions ['ros']
[0.386s] Level 1:colcon.colcon_core.package_identification:_identify(src) by extension 'ros'
[0.386s] Level 1:colcon.colcon_core.package_identification:_identify(src) by extensions ['cmake', 'python']
[0.386s] Level 1:colcon.colcon_core.package_identification:_identify(src) by extension 'cmake'
[0.386s] Level 1:colcon.colcon_core.package_identification:_identify(src) by extension 'python'
[0.386s] Level 1:colcon.colcon_core.package_identification:_identify(src) by extensions ['python_setup_py']
[0.386s] Level 1:colcon.colcon_core.package_identification:_identify(src) by extension 'python_setup_py'
[0.386s] Level 1:colcon.colcon_core.package_identification:_identify(src/ur3robot_controller) by extensions ['ignore', 'ignore_ament_install']
[0.386s] Level 1:colcon.colcon_core.package_identification:_identify(src/ur3robot_controller) by extension 'ignore'
[0.386s] Level 1:colcon.colcon_core.package_identification:_identify(src/ur3robot_controller) by extension 'ignore_ament_install'
[0.386s] Level 1:colcon.colcon_core.package_identification:_identify(src/ur3robot_controller) by extensions ['colcon_pkg']
[0.386s] Level 1:colcon.colcon_core.package_identification:_identify(src/ur3robot_controller) by extension 'colcon_pkg'
[0.386s] Level 1:colcon.colcon_core.package_identification:_identify(src/ur3robot_controller) by extensions ['colcon_meta']
[0.386s] Level 1:colcon.colcon_core.package_identification:_identify(src/ur3robot_controller) by extension 'colcon_meta'
[0.386s] Level 1:colcon.colcon_core.package_identification:_identify(src/ur3robot_controller) by extensions ['ros']
[0.386s] Level 1:colcon.colcon_core.package_identification:_identify(src/ur3robot_controller) by extension 'ros'
[0.389s] DEBUG:colcon.colcon_core.package_identification:Package 'src/ur3robot_controller' with type 'ros.ament_cmake' and name 'ur3robot_controller'
[0.390s] Level 1:colcon.colcon_core.package_identification:_identify(src/ur3robot_description) by extensions ['ignore', 'ignore_ament_install']
[0.390s] Level 1:colcon.colcon_core.package_identification:_identify(src/ur3robot_description) by extension 'ignore'
[0.390s] Level 1:colcon.colcon_core.package_identification:_identify(src/ur3robot_description) by extension 'ignore_ament_install'
[0.390s] Level 1:colcon.colcon_core.package_identification:_identify(src/ur3robot_description) by extensions ['colcon_pkg']
[0.390s] Level 1:colcon.colcon_core.package_identification:_identify(src/ur3robot_description) by extension 'colcon_pkg'
[0.390s] Level 1:colcon.colcon_core.package_identification:_identify(src/ur3robot_description) by extensions ['colcon_meta']
[0.390s] Level 1:colcon.colcon_core.package_identification:_identify(src/ur3robot_description) by extension 'colcon_meta'
[0.390s] Level 1:colcon.colcon_core.package_identification:_identify(src/ur3robot_description) by extensions ['ros']
[0.390s] Level 1:colcon.colcon_core.package_identification:_identify(src/ur3robot_description) by extension 'ros'
[0.394s] DEBUG:colcon.colcon_core.package_identification:Package 'src/ur3robot_description' with type 'ros.ament_cmake' and name 'ur3robot_description'
[0.394s] Level 1:colcon.colcon_core.package_discovery:discover_packages(recursive) using defaults
[0.394s] Level 1:colcon.colcon_core.package_discovery:discover_packages(ignore) discover
[0.394s] Level 1:colcon.colcon_core.package_discovery:discover_packages(ignore) using defaults
[0.394s] Level 1:colcon.colcon_core.package_discovery:discover_packages(path) discover
[0.394s] Level 1:colcon.colcon_core.package_discovery:discover_packages(path) using defaults
[0.413s] Level 1:colcon.colcon_core.package_discovery:discover_packages(prefix_path) check parameters
[0.413s] Level 1:colcon.colcon_core.package_discovery:discover_packages(prefix_path) discover
[0.415s] DEBUG:colcon.colcon_installed_package_information.package_discovery:Found 2 installed packages in /home/golam_sadek/ur3robot_ws/install
[0.415s] DEBUG:colcon.colcon_installed_package_information.package_discovery:Found 1 installed packages in /home/golam_sadek/ur3robot_ws/src/ur3robot_controller/install
[0.416s] DEBUG:colcon.colcon_installed_package_information.package_discovery:Found 3 installed packages in /home/golam_sadek/turtlebot3_ws/install
[0.416s] DEBUG:colcon.colcon_installed_package_information.package_discovery:Found 5 installed packages in /home/golam_sadek/turtlebot3_drlnav/install
[0.418s] DEBUG:colcon.colcon_installed_package_information.package_discovery:Found 419 installed packages in /opt/ros/humble
[0.420s] Level 1:colcon.colcon_core.package_discovery:discover_packages(prefix_path) using defaults
[0.466s] Level 5:colcon.colcon_core.verb:set package 'ur3robot_controller' build argument 'cmake_args' from command line to 'None'
[0.466s] Level 5:colcon.colcon_core.verb:set package 'ur3robot_controller' build argument 'cmake_target' from command line to 'None'
[0.466s] Level 5:colcon.colcon_core.verb:set package 'ur3robot_controller' build argument 'cmake_target_skip_unavailable' from command line to 'False'
[0.466s] Level 5:colcon.colcon_core.verb:set package 'ur3robot_controller' build argument 'cmake_clean_cache' from command line to 'False'
[0.466s] Level 5:colcon.colcon_core.verb:set package 'ur3robot_controller' build argument 'cmake_clean_first' from command line to 'False'
[0.466s] Level 5:colcon.colcon_core.verb:set package 'ur3robot_controller' build argument 'cmake_force_configure' from command line to 'False'
[0.466s] Level 5:colcon.colcon_core.verb:set package 'ur3robot_controller' build argument 'ament_cmake_args' from command line to 'None'
[0.466s] Level 5:colcon.colcon_core.verb:set package 'ur3robot_controller' build argument 'catkin_cmake_args' from command line to 'None'
[0.466s] Level 5:colcon.colcon_core.verb:set package 'ur3robot_controller' build argument 'catkin_skip_building_tests' from command line to 'False'
[0.466s] DEBUG:colcon.colcon_core.verb:Building package 'ur3robot_controller' with the following arguments: {'ament_cmake_args': None, 'build_base': '/home/golam_sadek/ur3robot_ws/build/ur3robot_controller', 'catkin_cmake_args': None, 'catkin_skip_building_tests': False, 'cmake_args': None, 'cmake_clean_cache': False, 'cmake_clean_first': False, 'cmake_force_configure': False, 'cmake_target': None, 'cmake_target_skip_unavailable': False, 'install_base': '/home/golam_sadek/ur3robot_ws/install/ur3robot_controller', 'merge_install': False, 'path': '/home/golam_sadek/ur3robot_ws/src/ur3robot_controller', 'symlink_install': False, 'test_result_base': None}
[0.467s] Level 5:colcon.colcon_core.verb:set package 'ur3robot_description' build argument 'cmake_args' from command line to 'None'
[0.467s] Level 5:colcon.colcon_core.verb:set package 'ur3robot_description' build argument 'cmake_target' from command line to 'None'
[0.467s] Level 5:colcon.colcon_core.verb:set package 'ur3robot_description' build argument 'cmake_target_skip_unavailable' from command line to 'False'
[0.467s] Level 5:colcon.colcon_core.verb:set package 'ur3robot_description' build argument 'cmake_clean_cache' from command line to 'False'
[0.467s] Level 5:colcon.colcon_core.verb:set package 'ur3robot_description' build argument 'cmake_clean_first' from command line to 'False'
[0.467s] Level 5:colcon.colcon_core.verb:set package 'ur3robot_description' build argument 'cmake_force_configure' from command line to 'False'
[0.467s] Level 5:colcon.colcon_core.verb:set package 'ur3robot_description' build argument 'ament_cmake_args' from command line to 'None'
[0.467s] Level 5:colcon.colcon_core.verb:set package 'ur3robot_description' build argument 'catkin_cmake_args' from command line to 'None'
[0.467s] Level 5:colcon.colcon_core.verb:set package 'ur3robot_description' build argument 'catkin_skip_building_tests' from command line to 'False'
[0.467s] DEBUG:colcon.colcon_core.verb:Building package 'ur3robot_description' with the following arguments: {'ament_cmake_args': None, 'build_base': '/home/golam_sadek/ur3robot_ws/build/ur3robot_description', 'catkin_cmake_args': None, 'catkin_skip_building_tests': False, 'cmake_args': None, 'cmake_clean_cache': False, 'cmake_clean_first': False, 'cmake_force_configure': False, 'cmake_target': None, 'cmake_target_skip_unavailable': False, 'install_base': '/home/golam_sadek/ur3robot_ws/install/ur3robot_description', 'merge_install': False, 'path': '/home/golam_sadek/ur3robot_ws/src/ur3robot_description', 'symlink_install': False, 'test_result_base': None}
[0.467s] INFO:colcon.colcon_core.executor:Executing jobs using 'parallel' executor
[0.468s] DEBUG:colcon.colcon_parallel_executor.executor.parallel:run_until_complete
[0.469s] INFO:colcon.colcon_ros.task.ament_cmake.build:Building ROS package in '/home/golam_sadek/ur3robot_ws/src/ur3robot_controller' with build type 'ament_cmake'
[0.469s] INFO:colcon.colcon_cmake.task.cmake.build:Building CMake package in '/home/golam_sadek/ur3robot_ws/src/ur3robot_controller'
[0.471s] INFO:colcon.colcon_core.plugin_system:Skipping extension 'colcon_core.shell.bat': Not used on non-Windows systems
[0.471s] INFO:colcon.colcon_core.shell:Skip shell extension 'powershell' for command environment: Not usable outside of PowerShell
[0.471s] DEBUG:colcon.colcon_core.shell:Skip shell extension 'dsv' for command environment
[0.477s] INFO:colcon.colcon_ros.task.ament_cmake.build:Building ROS package in '/home/golam_sadek/ur3robot_ws/src/ur3robot_description' with build type 'ament_cmake'
[0.477s] INFO:colcon.colcon_cmake.task.cmake.build:Building CMake package in '/home/golam_sadek/ur3robot_ws/src/ur3robot_description'
[0.478s] INFO:colcon.colcon_core.shell:Skip shell extension 'powershell' for command environment: Not usable outside of PowerShell
[0.478s] DEBUG:colcon.colcon_core.shell:Skip shell extension 'dsv' for command environment
[0.488s] DEBUG:colcon.colcon_core.event_handler.log_command:Invoking command in '/home/golam_sadek/ur3robot_ws/build/ur3robot_controller': CMAKE_PREFIX_PATH=${CMAKE_PREFIX_PATH}:/home/golam_sadek/turtlebot3_drlnav/install/turtlebot3_drl:/opt/ros/humble /usr/bin/cmake --build /home/golam_sadek/ur3robot_ws/build/ur3robot_controller -- -j8 -l8
[0.493s] DEBUG:colcon.colcon_core.event_handler.log_command:Invoking command in '/home/golam_sadek/ur3robot_ws/build/ur3robot_description': CMAKE_PREFIX_PATH=${CMAKE_PREFIX_PATH}:/home/golam_sadek/turtlebot3_drlnav/install/turtlebot3_drl:/opt/ros/humble /usr/bin/cmake --build /home/golam_sadek/ur3robot_ws/build/ur3robot_description -- -j8 -l8
[0.529s] DEBUG:colcon.colcon_core.event_handler.log_command:Invoked command in '/home/golam_sadek/ur3robot_ws/build/ur3robot_controller' returned '0': CMAKE_PREFIX_PATH=${CMAKE_PREFIX_PATH}:/home/golam_sadek/turtlebot3_drlnav/install/turtlebot3_drl:/opt/ros/humble /usr/bin/cmake --build /home/golam_sadek/ur3robot_ws/build/ur3robot_controller -- -j8 -l8
[0.540s] DEBUG:colcon.colcon_core.event_handler.log_command:Invoking command in '/home/golam_sadek/ur3robot_ws/build/ur3robot_controller': CMAKE_PREFIX_PATH=${CMAKE_PREFIX_PATH}:/home/golam_sadek/turtlebot3_drlnav/install/turtlebot3_drl:/opt/ros/humble /usr/bin/cmake --install /home/golam_sadek/ur3robot_ws/build/ur3robot_controller
[0.541s] DEBUG:colcon.colcon_core.event_handler.log_command:Invoked command in '/home/golam_sadek/ur3robot_ws/build/ur3robot_description' returned '0': CMAKE_PREFIX_PATH=${CMAKE_PREFIX_PATH}:/home/golam_sadek/turtlebot3_drlnav/install/turtlebot3_drl:/opt/ros/humble /usr/bin/cmake --build /home/golam_sadek/ur3robot_ws/build/ur3robot_description -- -j8 -l8
[0.543s] DEBUG:colcon.colcon_core.event_handler.log_command:Invoking command in '/home/golam_sadek/ur3robot_ws/build/ur3robot_description': CMAKE_PREFIX_PATH=${CMAKE_PREFIX_PATH}:/home/golam_sadek/turtlebot3_drlnav/install/turtlebot3_drl:/opt/ros/humble /usr/bin/cmake --install /home/golam_sadek/ur3robot_ws/build/ur3robot_description
[0.565s] Level 1:colcon.colcon_core.environment:create_environment_scripts_only(ur3robot_controller)
[0.566s] DEBUG:colcon.colcon_core.event_handler.log_command:Invoked command in '/home/golam_sadek/ur3robot_ws/build/ur3robot_controller' returned '0': CMAKE_PREFIX_PATH=${CMAKE_PREFIX_PATH}:/home/golam_sadek/turtlebot3_drlnav/install/turtlebot3_drl:/opt/ros/humble /usr/bin/cmake --install /home/golam_sadek/ur3robot_ws/build/ur3robot_controller
[0.569s] Level 1:colcon.colcon_core.environment:checking '/home/golam_sadek/ur3robot_ws/install/ur3robot_controller' for CMake module files
[0.570s] Level 1:colcon.colcon_core.environment:checking '/home/golam_sadek/ur3robot_ws/install/ur3robot_controller' for CMake config files
[0.570s] Level 1:colcon.colcon_core.shell:create_environment_hook('ur3robot_controller', 'cmake_prefix_path')
[0.570s] INFO:colcon.colcon_core.shell:Creating environment hook '/home/golam_sadek/ur3robot_ws/install/ur3robot_controller/share/ur3robot_controller/hook/cmake_prefix_path.ps1'
[0.571s] INFO:colcon.colcon_core.shell:Creating environment descriptor '/home/golam_sadek/ur3robot_ws/install/ur3robot_controller/share/ur3robot_controller/hook/cmake_prefix_path.dsv'
[0.572s] INFO:colcon.colcon_core.shell:Creating environment hook '/home/golam_sadek/ur3robot_ws/install/ur3robot_controller/share/ur3robot_controller/hook/cmake_prefix_path.sh'
[0.573s] Level 1:colcon.colcon_core.environment:checking '/home/golam_sadek/ur3robot_ws/install/ur3robot_controller/bin'
[0.573s] Level 1:colcon.colcon_core.environment:checking '/home/golam_sadek/ur3robot_ws/install/ur3robot_controller/lib/pkgconfig/ur3robot_controller.pc'
[0.573s] Level 1:colcon.colcon_core.environment:checking '/home/golam_sadek/ur3robot_ws/install/ur3robot_controller/lib/python3.10/site-packages'
[0.573s] Level 1:colcon.colcon_core.environment:checking '/home/golam_sadek/ur3robot_ws/install/ur3robot_controller/bin'
[0.574s] INFO:colcon.colcon_core.shell:Creating package script '/home/golam_sadek/ur3robot_ws/install/ur3robot_controller/share/ur3robot_controller/package.ps1'
[0.574s] INFO:colcon.colcon_core.shell:Creating package descriptor '/home/golam_sadek/ur3robot_ws/install/ur3robot_controller/share/ur3robot_controller/package.dsv'
[0.575s] INFO:colcon.colcon_core.shell:Creating package script '/home/golam_sadek/ur3robot_ws/install/ur3robot_controller/share/ur3robot_controller/package.sh'
[0.576s] INFO:colcon.colcon_core.shell:Creating package script '/home/golam_sadek/ur3robot_ws/install/ur3robot_controller/share/ur3robot_controller/package.bash'
[0.576s] INFO:colcon.colcon_core.shell:Creating package script '/home/golam_sadek/ur3robot_ws/install/ur3robot_controller/share/ur3robot_controller/package.zsh'
[0.577s] Level 1:colcon.colcon_core.environment:create_file_with_runtime_dependencies(/home/golam_sadek/ur3robot_ws/install/ur3robot_controller/share/colcon-core/packages/ur3robot_controller)
[0.577s] Level 1:colcon.colcon_core.environment:create_environment_scripts_only(ur3robot_controller)
[0.578s] Level 1:colcon.colcon_core.environment:checking '/home/golam_sadek/ur3robot_ws/install/ur3robot_controller' for CMake module files
[0.578s] Level 1:colcon.colcon_core.environment:checking '/home/golam_sadek/ur3robot_ws/install/ur3robot_controller' for CMake config files
[0.578s] Level 1:colcon.colcon_core.shell:create_environment_hook('ur3robot_controller', 'cmake_prefix_path')
[0.578s] INFO:colcon.colcon_core.shell:Creating environment hook '/home/golam_sadek/ur3robot_ws/install/ur3robot_controller/share/ur3robot_controller/hook/cmake_prefix_path.ps1'
[0.579s] INFO:colcon.colcon_core.shell:Creating environment descriptor '/home/golam_sadek/ur3robot_ws/install/ur3robot_controller/share/ur3robot_controller/hook/cmake_prefix_path.dsv'
[0.579s] INFO:colcon.colcon_core.shell:Creating environment hook '/home/golam_sadek/ur3robot_ws/install/ur3robot_controller/share/ur3robot_controller/hook/cmake_prefix_path.sh'
[0.580s] Level 1:colcon.colcon_core.environment:checking '/home/golam_sadek/ur3robot_ws/install/ur3robot_controller/bin'
[0.580s] Level 1:colcon.colcon_core.environment:checking '/home/golam_sadek/ur3robot_ws/install/ur3robot_controller/lib/pkgconfig/ur3robot_controller.pc'
[0.580s] Level 1:colcon.colcon_core.environment:checking '/home/golam_sadek/ur3robot_ws/install/ur3robot_controller/lib/python3.10/site-packages'
[0.580s] Level 1:colcon.colcon_core.environment:checking '/home/golam_sadek/ur3robot_ws/install/ur3robot_controller/bin'
[0.581s] INFO:colcon.colcon_core.shell:Creating package script '/home/golam_sadek/ur3robot_ws/install/ur3robot_controller/share/ur3robot_controller/package.ps1'
[0.581s] INFO:colcon.colcon_core.shell:Creating package descriptor '/home/golam_sadek/ur3robot_ws/install/ur3robot_controller/share/ur3robot_controller/package.dsv'
[0.582s] INFO:colcon.colcon_core.shell:Creating package script '/home/golam_sadek/ur3robot_ws/install/ur3robot_controller/share/ur3robot_controller/package.sh'
[0.582s] INFO:colcon.colcon_core.shell:Creating package script '/home/golam_sadek/ur3robot_ws/install/ur3robot_controller/share/ur3robot_controller/package.bash'
[0.582s] INFO:colcon.colcon_core.shell:Creating package script '/home/golam_sadek/ur3robot_ws/install/ur3robot_controller/share/ur3robot_controller/package.zsh'
[0.583s] Level 1:colcon.colcon_core.environment:create_file_with_runtime_dependencies(/home/golam_sadek/ur3robot_ws/install/ur3robot_controller/share/colcon-core/packages/ur3robot_controller)
[0.584s] Level 1:colcon.colcon_core.environment:create_environment_scripts_only(ur3robot_description)
[0.585s] Level 1:colcon.colcon_core.environment:checking '/home/golam_sadek/ur3robot_ws/install/ur3robot_description' for CMake module files
[0.585s] DEBUG:colcon.colcon_core.event_handler.log_command:Invoked command in '/home/golam_sadek/ur3robot_ws/build/ur3robot_description' returned '0': CMAKE_PREFIX_PATH=${CMAKE_PREFIX_PATH}:/home/golam_sadek/turtlebot3_drlnav/install/turtlebot3_drl:/opt/ros/humble /usr/bin/cmake --install /home/golam_sadek/ur3robot_ws/build/ur3robot_description
[0.585s] Level 1:colcon.colcon_core.environment:checking '/home/golam_sadek/ur3robot_ws/install/ur3robot_description' for CMake config files
[0.586s] Level 1:colcon.colcon_core.shell:create_environment_hook('ur3robot_description', 'cmake_prefix_path')
[0.586s] INFO:colcon.colcon_core.shell:Creating environment hook '/home/golam_sadek/ur3robot_ws/install/ur3robot_description/share/ur3robot_description/hook/cmake_prefix_path.ps1'
[0.587s] INFO:colcon.colcon_core.shell:Creating environment descriptor '/home/golam_sadek/ur3robot_ws/install/ur3robot_description/share/ur3robot_description/hook/cmake_prefix_path.dsv'
[0.587s] INFO:colcon.colcon_core.shell:Creating environment hook '/home/golam_sadek/ur3robot_ws/install/ur3robot_description/share/ur3robot_description/hook/cmake_prefix_path.sh'
[0.588s] Level 1:colcon.colcon_core.environment:checking '/home/golam_sadek/ur3robot_ws/install/ur3robot_description/bin'
[0.588s] Level 1:colcon.colcon_core.environment:checking '/home/golam_sadek/ur3robot_ws/install/ur3robot_description/lib/pkgconfig/ur3robot_description.pc'
[0.588s] Level 1:colcon.colcon_core.environment:checking '/home/golam_sadek/ur3robot_ws/install/ur3robot_description/lib/python3.10/site-packages'
[0.588s] Level 1:colcon.colcon_core.environment:checking '/home/golam_sadek/ur3robot_ws/install/ur3robot_description/bin'
[0.589s] INFO:colcon.colcon_core.shell:Creating package script '/home/golam_sadek/ur3robot_ws/install/ur3robot_description/share/ur3robot_description/package.ps1'
[0.589s] INFO:colcon.colcon_core.shell:Creating package descriptor '/home/golam_sadek/ur3robot_ws/install/ur3robot_description/share/ur3robot_description/package.dsv'
[0.590s] INFO:colcon.colcon_core.shell:Creating package script '/home/golam_sadek/ur3robot_ws/install/ur3robot_description/share/ur3robot_description/package.sh'
[0.590s] INFO:colcon.colcon_core.shell:Creating package script '/home/golam_sadek/ur3robot_ws/install/ur3robot_description/share/ur3robot_description/package.bash'
[0.590s] INFO:colcon.colcon_core.shell:Creating package script '/home/golam_sadek/ur3robot_ws/install/ur3robot_description/share/ur3robot_description/package.zsh'
[0.591s] Level 1:colcon.colcon_core.environment:create_file_with_runtime_dependencies(/home/golam_sadek/ur3robot_ws/install/ur3robot_description/share/colcon-core/packages/ur3robot_description)
[0.591s] Level 1:colcon.colcon_core.environment:create_environment_scripts_only(ur3robot_description)
[0.591s] Level 1:colcon.colcon_core.environment:checking '/home/golam_sadek/ur3robot_ws/install/ur3robot_description' for CMake module files
[0.592s] Level 1:colcon.colcon_core.environment:checking '/home/golam_sadek/ur3robot_ws/install/ur3robot_description' for CMake config files
[0.592s] Level 1:colcon.colcon_core.shell:create_environment_hook('ur3robot_description', 'cmake_prefix_path')
[0.592s] INFO:colcon.colcon_core.shell:Creating environment hook '/home/golam_sadek/ur3robot_ws/install/ur3robot_description/share/ur3robot_description/hook/cmake_prefix_path.ps1'
[0.593s] INFO:colcon.colcon_core.shell:Creating environment descriptor '/home/golam_sadek/ur3robot_ws/install/ur3robot_description/share/ur3robot_description/hook/cmake_prefix_path.dsv'
[0.593s] INFO:colcon.colcon_core.shell:Creating environment hook '/home/golam_sadek/ur3robot_ws/install/ur3robot_description/share/ur3robot_description/hook/cmake_prefix_path.sh'
[0.594s] Level 1:colcon.colcon_core.environment:checking '/home/golam_sadek/ur3robot_ws/install/ur3robot_description/bin'
[0.594s] Level 1:colcon.colcon_core.environment:checking '/home/golam_sadek/ur3robot_ws/install/ur3robot_description/lib/pkgconfig/ur3robot_description.pc'
[0.594s] Level 1:colcon.colcon_core.environment:checking '/home/golam_sadek/ur3robot_ws/install/ur3robot_description/lib/python3.10/site-packages'
[0.594s] Level 1:colcon.colcon_core.environment:checking '/home/golam_sadek/ur3robot_ws/install/ur3robot_description/bin'
[0.594s] INFO:colcon.colcon_core.shell:Creating package script '/home/golam_sadek/ur3robot_ws/install/ur3robot_description/share/ur3robot_description/package.ps1'
[0.595s] INFO:colcon.colcon_core.shell:Creating package descriptor '/home/golam_sadek/ur3robot_ws/install/ur3robot_description/share/ur3robot_description/package.dsv'
[0.595s] INFO:colcon.colcon_core.shell:Creating package script '/home/golam_sadek/ur3robot_ws/install/ur3robot_description/share/ur3robot_description/package.sh'
[0.596s] INFO:colcon.colcon_core.shell:Creating package script '/home/golam_sadek/ur3robot_ws/install/ur3robot_description/share/ur3robot_description/package.bash'
[0.596s] INFO:colcon.colcon_core.shell:Creating package script '/home/golam_sadek/ur3robot_ws/install/ur3robot_description/share/ur3robot_description/package.zsh'
[0.597s] Level 1:colcon.colcon_core.environment:create_file_with_runtime_dependencies(/home/golam_sadek/ur3robot_ws/install/ur3robot_description/share/colcon-core/packages/ur3robot_description)
[0.597s] DEBUG:colcon.colcon_parallel_executor.executor.parallel:closing loop
[0.597s] DEBUG:colcon.colcon_parallel_executor.executor.parallel:loop closed
[0.598s] DEBUG:colcon.colcon_parallel_executor.executor.parallel:run_until_complete finished with '0'
[0.598s] DEBUG:colcon.colcon_core.event_reactor:joining thread
[0.603s] INFO:colcon.colcon_core.plugin_system:Skipping extension 'colcon_notification.desktop_notification.terminal_notifier': Not used on non-Darwin systems
[0.603s] INFO:colcon.colcon_core.plugin_system:Skipping extension 'colcon_notification.desktop_notification.win32': Not used on non-Windows systems
[0.603s] INFO:colcon.colcon_notification.desktop_notification:Sending desktop notification using 'notify2'
[0.612s] DEBUG:colcon.colcon_core.event_reactor:joined thread
[0.612s] INFO:colcon.colcon_core.shell:Creating prefix script '/home/golam_sadek/ur3robot_ws/install/local_setup.ps1'
[0.613s] INFO:colcon.colcon_core.shell:Creating prefix util module '/home/golam_sadek/ur3robot_ws/install/_local_setup_util_ps1.py'
[0.615s] INFO:colcon.colcon_core.shell:Creating prefix chain script '/home/golam_sadek/ur3robot_ws/install/setup.ps1'
[0.616s] INFO:colcon.colcon_core.shell:Creating prefix script '/home/golam_sadek/ur3robot_ws/install/local_setup.sh'
[0.616s] INFO:colcon.colcon_core.shell:Creating prefix util module '/home/golam_sadek/ur3robot_ws/install/_local_setup_util_sh.py'
[0.617s] INFO:colcon.colcon_core.shell:Creating prefix chain script '/home/golam_sadek/ur3robot_ws/install/setup.sh'
[0.619s] INFO:colcon.colcon_core.shell:Creating prefix script '/home/golam_sadek/ur3robot_ws/install/local_setup.bash'
[0.619s] INFO:colcon.colcon_core.shell:Creating prefix chain script '/home/golam_sadek/ur3robot_ws/install/setup.bash'
[0.620s] INFO:colcon.colcon_core.shell:Creating prefix script '/home/golam_sadek/ur3robot_ws/install/local_setup.zsh'
[0.621s] INFO:colcon.colcon_core.shell:Creating prefix chain script '/home/golam_sadek/ur3robot_ws/install/setup.zsh'
