[0.581s] DEBUG:colcon:Command line arguments: ['/usr/bin/colcon', 'build']
[0.581s] DEBUG:colcon:Parsed command line arguments: Namespace(log_base=None, log_level=None, verb_name='build', build_base='build', install_base='install', merge_install=False, symlink_install=False, test_result_base=None, continue_on_error=False, executor='parallel', parallel_workers=8, event_handlers=None, ignore_user_meta=False, metas=['./colcon.meta'], base_paths=['.'], packages_ignore=None, packages_ignore_regex=None, paths=None, packages_up_to=None, packages_up_to_regex=None, packages_above=None, packages_above_and_dependencies=None, packages_above_depth=None, packages_select_by_dep=None, packages_skip_by_dep=None, packages_skip_up_to=None, packages_select_build_failed=False, packages_skip_build_finished=False, packages_select_test_failures=False, packages_skip_test_passed=False, packages_select=None, packages_skip=None, packages_select_regex=None, packages_skip_regex=None, packages_start=None, packages_end=None, allow_overriding=[], cmake_args=None, cmake_target=None, cmake_target_skip_unavailable=False, cmake_clean_cache=False, cmake_clean_first=False, cmake_force_configure=False, ament_cmake_args=None, catkin_cmake_args=None, catkin_skip_building_tests=False, verb_parser=<colcon_defaults.argument_parser.defaults.DefaultArgumentsDecorator object at 0x73d39725fac0>, verb_extension=<colcon_core.verb.build.BuildVerb object at 0x73d39725f5b0>, main=<bound method BuildVerb.main of <colcon_core.verb.build.BuildVerb object at 0x73d39725f5b0>>)
[0.967s] Level 1:colcon.colcon_core.package_discovery:discover_packages(colcon_meta) check parameters
[0.967s] Level 1:colcon.colcon_core.package_discovery:discover_packages(recursive) check parameters
[0.967s] Level 1:colcon.colcon_core.package_discovery:discover_packages(ignore) check parameters
[0.967s] Level 1:colcon.colcon_core.package_discovery:discover_packages(path) check parameters
[0.967s] Level 1:colcon.colcon_core.package_discovery:discover_packages(colcon_meta) discover
[0.967s] Level 1:colcon.colcon_core.package_discovery:discover_packages(recursive) discover
[0.967s] INFO:colcon.colcon_core.package_discovery:Crawling recursively for packages in '/home/golam_sadek/ur3robot_ws/src/ur3robot_controller'
[0.967s] Level 1:colcon.colcon_core.package_identification:_identify(.) by extensions ['ignore', 'ignore_ament_install']
[0.967s] Level 1:colcon.colcon_core.package_identification:_identify(.) by extension 'ignore'
[0.967s] Level 1:colcon.colcon_core.package_identification:_identify(.) by extension 'ignore_ament_install'
[0.967s] Level 1:colcon.colcon_core.package_identification:_identify(.) by extensions ['colcon_pkg']
[0.967s] Level 1:colcon.colcon_core.package_identification:_identify(.) by extension 'colcon_pkg'
[0.968s] Level 1:colcon.colcon_core.package_identification:_identify(.) by extensions ['colcon_meta']
[0.968s] Level 1:colcon.colcon_core.package_identification:_identify(.) by extension 'colcon_meta'
[0.968s] Level 1:colcon.colcon_core.package_identification:_identify(.) by extensions ['ros']
[0.968s] Level 1:colcon.colcon_core.package_identification:_identify(.) by extension 'ros'
[0.993s] DEBUG:colcon.colcon_core.package_identification:Package '.' with type 'ros.ament_cmake' and name 'ur3robot_controller'
[0.993s] Level 1:colcon.colcon_core.package_discovery:discover_packages(recursive) using defaults
[0.993s] Level 1:colcon.colcon_core.package_discovery:discover_packages(ignore) discover
[0.993s] Level 1:colcon.colcon_core.package_discovery:discover_packages(ignore) using defaults
[0.993s] Level 1:colcon.colcon_core.package_discovery:discover_packages(path) discover
[0.993s] Level 1:colcon.colcon_core.package_discovery:discover_packages(path) using defaults
[1.024s] Level 1:colcon.colcon_core.package_discovery:discover_packages(prefix_path) check parameters
[1.025s] Level 1:colcon.colcon_core.package_discovery:discover_packages(prefix_path) discover
[1.028s] DEBUG:colcon.colcon_installed_package_information.package_discovery:Found 2 installed packages in /home/golam_sadek/ur3robot_ws/install
[1.029s] DEBUG:colcon.colcon_installed_package_information.package_discovery:Found 3 installed packages in /home/golam_sadek/turtlebot3_ws/install
[1.029s] DEBUG:colcon.colcon_installed_package_information.package_discovery:Found 5 installed packages in /home/golam_sadek/turtlebot3_drlnav/install
[1.031s] DEBUG:colcon.colcon_installed_package_information.package_discovery:Found 419 installed packages in /opt/ros/humble
[1.033s] Level 1:colcon.colcon_core.package_discovery:discover_packages(prefix_path) using defaults
[1.130s] Level 5:colcon.colcon_core.verb:set package 'ur3robot_controller' build argument 'cmake_args' from command line to 'None'
[1.130s] Level 5:colcon.colcon_core.verb:set package 'ur3robot_controller' build argument 'cmake_target' from command line to 'None'
[1.130s] Level 5:colcon.colcon_core.verb:set package 'ur3robot_controller' build argument 'cmake_target_skip_unavailable' from command line to 'False'
[1.130s] Level 5:colcon.colcon_core.verb:set package 'ur3robot_controller' build argument 'cmake_clean_cache' from command line to 'False'
[1.130s] Level 5:colcon.colcon_core.verb:set package 'ur3robot_controller' build argument 'cmake_clean_first' from command line to 'False'
[1.130s] Level 5:colcon.colcon_core.verb:set package 'ur3robot_controller' build argument 'cmake_force_configure' from command line to 'False'
[1.130s] Level 5:colcon.colcon_core.verb:set package 'ur3robot_controller' build argument 'ament_cmake_args' from command line to 'None'
[1.130s] Level 5:colcon.colcon_core.verb:set package 'ur3robot_controller' build argument 'catkin_cmake_args' from command line to 'None'
[1.130s] Level 5:colcon.colcon_core.verb:set package 'ur3robot_controller' build argument 'catkin_skip_building_tests' from command line to 'False'
[1.130s] DEBUG:colcon.colcon_core.verb:Building package 'ur3robot_controller' with the following arguments: {'ament_cmake_args': None, 'build_base': '/home/golam_sadek/ur3robot_ws/src/ur3robot_controller/build/ur3robot_controller', 'catkin_cmake_args': None, 'catkin_skip_building_tests': False, 'cmake_args': None, 'cmake_clean_cache': False, 'cmake_clean_first': False, 'cmake_force_configure': False, 'cmake_target': None, 'cmake_target_skip_unavailable': False, 'install_base': '/home/golam_sadek/ur3robot_ws/src/ur3robot_controller/install/ur3robot_controller', 'merge_install': False, 'path': '/home/golam_sadek/ur3robot_ws/src/ur3robot_controller', 'symlink_install': False, 'test_result_base': None}
[1.130s] INFO:colcon.colcon_core.executor:Executing jobs using 'parallel' executor
[1.131s] DEBUG:colcon.colcon_parallel_executor.executor.parallel:run_until_complete
[1.132s] INFO:colcon.colcon_ros.task.ament_cmake.build:Building ROS package in '/home/golam_sadek/ur3robot_ws/src/ur3robot_controller' with build type 'ament_cmake'
[1.132s] INFO:colcon.colcon_cmake.task.cmake.build:Building CMake package in '/home/golam_sadek/ur3robot_ws/src/ur3robot_controller'
[1.135s] INFO:colcon.colcon_core.plugin_system:Skipping extension 'colcon_core.shell.bat': Not used on non-Windows systems
[1.135s] INFO:colcon.colcon_core.shell:Skip shell extension 'powershell' for command environment: Not usable outside of PowerShell
[1.135s] DEBUG:colcon.colcon_core.shell:Skip shell extension 'dsv' for command environment
[1.145s] DEBUG:colcon.colcon_core.event_handler.log_command:Invoking command in '/home/golam_sadek/ur3robot_ws/src/ur3robot_controller/build/ur3robot_controller': CMAKE_PREFIX_PATH=${CMAKE_PREFIX_PATH}:/home/golam_sadek/turtlebot3_drlnav/install/turtlebot3_drl:/opt/ros/humble /usr/bin/cmake /home/golam_sadek/ur3robot_ws/src/ur3robot_controller -DCMAKE_INSTALL_PREFIX=/home/golam_sadek/ur3robot_ws/src/ur3robot_controller/install/ur3robot_controller
[2.255s] DEBUG:colcon.colcon_core.event_handler.log_command:Invoked command in '/home/golam_sadek/ur3robot_ws/src/ur3robot_controller/build/ur3robot_controller' returned '0': CMAKE_PREFIX_PATH=${CMAKE_PREFIX_PATH}:/home/golam_sadek/turtlebot3_drlnav/install/turtlebot3_drl:/opt/ros/humble /usr/bin/cmake /home/golam_sadek/ur3robot_ws/src/ur3robot_controller -DCMAKE_INSTALL_PREFIX=/home/golam_sadek/ur3robot_ws/src/ur3robot_controller/install/ur3robot_controller
[2.256s] DEBUG:colcon.colcon_core.event_handler.log_command:Invoking command in '/home/golam_sadek/ur3robot_ws/src/ur3robot_controller/build/ur3robot_controller': CMAKE_PREFIX_PATH=${CMAKE_PREFIX_PATH}:/home/golam_sadek/turtlebot3_drlnav/install/turtlebot3_drl:/opt/ros/humble /usr/bin/cmake --build /home/golam_sadek/ur3robot_ws/src/ur3robot_controller/build/ur3robot_controller -- -j8 -l8
[2.296s] DEBUG:colcon.colcon_core.event_handler.log_command:Invoked command in '/home/golam_sadek/ur3robot_ws/src/ur3robot_controller/build/ur3robot_controller' returned '0': CMAKE_PREFIX_PATH=${CMAKE_PREFIX_PATH}:/home/golam_sadek/turtlebot3_drlnav/install/turtlebot3_drl:/opt/ros/humble /usr/bin/cmake --build /home/golam_sadek/ur3robot_ws/src/ur3robot_controller/build/ur3robot_controller -- -j8 -l8
[2.306s] DEBUG:colcon.colcon_core.event_handler.log_command:Invoking command in '/home/golam_sadek/ur3robot_ws/src/ur3robot_controller/build/ur3robot_controller': CMAKE_PREFIX_PATH=${CMAKE_PREFIX_PATH}:/home/golam_sadek/turtlebot3_drlnav/install/turtlebot3_drl:/opt/ros/humble /usr/bin/cmake --install /home/golam_sadek/ur3robot_ws/src/ur3robot_controller/build/ur3robot_controller
[2.317s] Level 1:colcon.colcon_core.environment:create_environment_scripts_only(ur3robot_controller)
[2.318s] DEBUG:colcon.colcon_core.event_handler.log_command:Invoked command in '/home/golam_sadek/ur3robot_ws/src/ur3robot_controller/build/ur3robot_controller' returned '0': CMAKE_PREFIX_PATH=${CMAKE_PREFIX_PATH}:/home/golam_sadek/turtlebot3_drlnav/install/turtlebot3_drl:/opt/ros/humble /usr/bin/cmake --install /home/golam_sadek/ur3robot_ws/src/ur3robot_controller/build/ur3robot_controller
[2.328s] Level 1:colcon.colcon_core.environment:checking '/home/golam_sadek/ur3robot_ws/src/ur3robot_controller/install/ur3robot_controller' for CMake module files
[2.328s] Level 1:colcon.colcon_core.environment:checking '/home/golam_sadek/ur3robot_ws/src/ur3robot_controller/install/ur3robot_controller' for CMake config files
[2.328s] Level 1:colcon.colcon_core.shell:create_environment_hook('ur3robot_controller', 'cmake_prefix_path')
[2.328s] INFO:colcon.colcon_core.shell:Creating environment hook '/home/golam_sadek/ur3robot_ws/src/ur3robot_controller/install/ur3robot_controller/share/ur3robot_controller/hook/cmake_prefix_path.ps1'
[2.330s] INFO:colcon.colcon_core.shell:Creating environment descriptor '/home/golam_sadek/ur3robot_ws/src/ur3robot_controller/install/ur3robot_controller/share/ur3robot_controller/hook/cmake_prefix_path.dsv'
[2.336s] INFO:colcon.colcon_core.shell:Creating environment hook '/home/golam_sadek/ur3robot_ws/src/ur3robot_controller/install/ur3robot_controller/share/ur3robot_controller/hook/cmake_prefix_path.sh'
[2.338s] Level 1:colcon.colcon_core.environment:checking '/home/golam_sadek/ur3robot_ws/src/ur3robot_controller/install/ur3robot_controller/bin'
[2.338s] Level 1:colcon.colcon_core.environment:checking '/home/golam_sadek/ur3robot_ws/src/ur3robot_controller/install/ur3robot_controller/lib/pkgconfig/ur3robot_controller.pc'
[2.338s] Level 1:colcon.colcon_core.environment:checking '/home/golam_sadek/ur3robot_ws/src/ur3robot_controller/install/ur3robot_controller/lib/python3.10/site-packages'
[2.339s] Level 1:colcon.colcon_core.environment:checking '/home/golam_sadek/ur3robot_ws/src/ur3robot_controller/install/ur3robot_controller/bin'
[2.340s] INFO:colcon.colcon_core.shell:Creating package script '/home/golam_sadek/ur3robot_ws/src/ur3robot_controller/install/ur3robot_controller/share/ur3robot_controller/package.ps1'
[2.341s] INFO:colcon.colcon_core.shell:Creating package descriptor '/home/golam_sadek/ur3robot_ws/src/ur3robot_controller/install/ur3robot_controller/share/ur3robot_controller/package.dsv'
[2.348s] INFO:colcon.colcon_core.shell:Creating package script '/home/golam_sadek/ur3robot_ws/src/ur3robot_controller/install/ur3robot_controller/share/ur3robot_controller/package.sh'
[2.350s] INFO:colcon.colcon_core.shell:Creating package script '/home/golam_sadek/ur3robot_ws/src/ur3robot_controller/install/ur3robot_controller/share/ur3robot_controller/package.bash'
[2.353s] INFO:colcon.colcon_core.shell:Creating package script '/home/golam_sadek/ur3robot_ws/src/ur3robot_controller/install/ur3robot_controller/share/ur3robot_controller/package.zsh'
[2.360s] Level 1:colcon.colcon_core.environment:create_file_with_runtime_dependencies(/home/golam_sadek/ur3robot_ws/src/ur3robot_controller/install/ur3robot_controller/share/colcon-core/packages/ur3robot_controller)
[2.361s] Level 1:colcon.colcon_core.environment:create_environment_scripts_only(ur3robot_controller)
[2.362s] Level 1:colcon.colcon_core.environment:checking '/home/golam_sadek/ur3robot_ws/src/ur3robot_controller/install/ur3robot_controller' for CMake module files
[2.363s] Level 1:colcon.colcon_core.environment:checking '/home/golam_sadek/ur3robot_ws/src/ur3robot_controller/install/ur3robot_controller' for CMake config files
[2.364s] Level 1:colcon.colcon_core.shell:create_environment_hook('ur3robot_controller', 'cmake_prefix_path')
[2.364s] INFO:colcon.colcon_core.shell:Creating environment hook '/home/golam_sadek/ur3robot_ws/src/ur3robot_controller/install/ur3robot_controller/share/ur3robot_controller/hook/cmake_prefix_path.ps1'
[2.366s] INFO:colcon.colcon_core.shell:Creating environment descriptor '/home/golam_sadek/ur3robot_ws/src/ur3robot_controller/install/ur3robot_controller/share/ur3robot_controller/hook/cmake_prefix_path.dsv'
[2.367s] INFO:colcon.colcon_core.shell:Creating environment hook '/home/golam_sadek/ur3robot_ws/src/ur3robot_controller/install/ur3robot_controller/share/ur3robot_controller/hook/cmake_prefix_path.sh'
[2.368s] Level 1:colcon.colcon_core.environment:checking '/home/golam_sadek/ur3robot_ws/src/ur3robot_controller/install/ur3robot_controller/bin'
[2.368s] Level 1:colcon.colcon_core.environment:checking '/home/golam_sadek/ur3robot_ws/src/ur3robot_controller/install/ur3robot_controller/lib/pkgconfig/ur3robot_controller.pc'
[2.368s] Level 1:colcon.colcon_core.environment:checking '/home/golam_sadek/ur3robot_ws/src/ur3robot_controller/install/ur3robot_controller/lib/python3.10/site-packages'
[2.369s] Level 1:colcon.colcon_core.environment:checking '/home/golam_sadek/ur3robot_ws/src/ur3robot_controller/install/ur3robot_controller/bin'
[2.369s] INFO:colcon.colcon_core.shell:Creating package script '/home/golam_sadek/ur3robot_ws/src/ur3robot_controller/install/ur3robot_controller/share/ur3robot_controller/package.ps1'
[2.370s] INFO:colcon.colcon_core.shell:Creating package descriptor '/home/golam_sadek/ur3robot_ws/src/ur3robot_controller/install/ur3robot_controller/share/ur3robot_controller/package.dsv'
[2.371s] INFO:colcon.colcon_core.shell:Creating package script '/home/golam_sadek/ur3robot_ws/src/ur3robot_controller/install/ur3robot_controller/share/ur3robot_controller/package.sh'
[2.371s] INFO:colcon.colcon_core.shell:Creating package script '/home/golam_sadek/ur3robot_ws/src/ur3robot_controller/install/ur3robot_controller/share/ur3robot_controller/package.bash'
[2.371s] INFO:colcon.colcon_core.shell:Creating package script '/home/golam_sadek/ur3robot_ws/src/ur3robot_controller/install/ur3robot_controller/share/ur3robot_controller/package.zsh'
[2.372s] Level 1:colcon.colcon_core.environment:create_file_with_runtime_dependencies(/home/golam_sadek/ur3robot_ws/src/ur3robot_controller/install/ur3robot_controller/share/colcon-core/packages/ur3robot_controller)
[2.372s] DEBUG:colcon.colcon_parallel_executor.executor.parallel:closing loop
[2.372s] DEBUG:colcon.colcon_parallel_executor.executor.parallel:loop closed
[2.373s] DEBUG:colcon.colcon_parallel_executor.executor.parallel:run_until_complete finished with '0'
[2.373s] DEBUG:colcon.colcon_core.event_reactor:joining thread
[2.399s] INFO:colcon.colcon_core.plugin_system:Skipping extension 'colcon_notification.desktop_notification.terminal_notifier': Not used on non-Darwin systems
[2.400s] INFO:colcon.colcon_core.plugin_system:Skipping extension 'colcon_notification.desktop_notification.win32': Not used on non-Windows systems
[2.400s] INFO:colcon.colcon_notification.desktop_notification:Sending desktop notification using 'notify2'
[2.411s] DEBUG:colcon.colcon_core.event_reactor:joined thread
[2.411s] INFO:colcon.colcon_core.shell:Creating prefix script '/home/golam_sadek/ur3robot_ws/src/ur3robot_controller/install/local_setup.ps1'
[2.413s] INFO:colcon.colcon_core.shell:Creating prefix util module '/home/golam_sadek/ur3robot_ws/src/ur3robot_controller/install/_local_setup_util_ps1.py'
[2.420s] INFO:colcon.colcon_core.shell:Creating prefix chain script '/home/golam_sadek/ur3robot_ws/src/ur3robot_controller/install/setup.ps1'
[2.423s] INFO:colcon.colcon_core.shell:Creating prefix script '/home/golam_sadek/ur3robot_ws/src/ur3robot_controller/install/local_setup.sh'
[2.429s] INFO:colcon.colcon_core.shell:Creating prefix util module '/home/golam_sadek/ur3robot_ws/src/ur3robot_controller/install/_local_setup_util_sh.py'
[2.431s] INFO:colcon.colcon_core.shell:Creating prefix chain script '/home/golam_sadek/ur3robot_ws/src/ur3robot_controller/install/setup.sh'
[2.434s] INFO:colcon.colcon_core.shell:Creating prefix script '/home/golam_sadek/ur3robot_ws/src/ur3robot_controller/install/local_setup.bash'
[2.436s] INFO:colcon.colcon_core.shell:Creating prefix chain script '/home/golam_sadek/ur3robot_ws/src/ur3robot_controller/install/setup.bash'
[2.443s] INFO:colcon.colcon_core.shell:Creating prefix script '/home/golam_sadek/ur3robot_ws/src/ur3robot_controller/install/local_setup.zsh'
[2.450s] INFO:colcon.colcon_core.shell:Creating prefix chain script '/home/golam_sadek/ur3robot_ws/src/ur3robot_controller/install/setup.zsh'
