[0.278s] DEBUG:colcon:Command line arguments: ['/usr/bin/colcon', 'build']
[0.279s] DEBUG:colcon:Parsed command line arguments: Namespace(log_base=None, log_level=None, verb_name='build', build_base='build', install_base='install', merge_install=False, symlink_install=False, test_result_base=None, continue_on_error=False, executor='parallel', parallel_workers=8, event_handlers=None, ignore_user_meta=False, metas=['./colcon.meta'], base_paths=['.'], packages_ignore=None, packages_ignore_regex=None, paths=None, packages_up_to=None, packages_up_to_regex=None, packages_above=None, packages_above_and_dependencies=None, packages_above_depth=None, packages_select_by_dep=None, packages_skip_by_dep=None, packages_skip_up_to=None, packages_select_build_failed=False, packages_skip_build_finished=False, packages_select_test_failures=False, packages_skip_test_passed=False, packages_select=None, packages_skip=None, packages_select_regex=None, packages_skip_regex=None, packages_start=None, packages_end=None, allow_overriding=[], cmake_args=None, cmake_target=None, cmake_target_skip_unavailable=False, cmake_clean_cache=False, cmake_clean_first=False, cmake_force_configure=False, ament_cmake_args=None, catkin_cmake_args=None, catkin_skip_building_tests=False, verb_parser=<colcon_defaults.argument_parser.defaults.DefaultArgumentsDecorator object at 0x73e63295bac0>, verb_extension=<colcon_core.verb.build.BuildVerb object at 0x73e63295b5b0>, main=<bound method BuildVerb.main of <colcon_core.verb.build.BuildVerb object at 0x73e63295b5b0>>)
[0.968s] Level 1:colcon.colcon_core.package_discovery:discover_packages(colcon_meta) check parameters
[0.968s] Level 1:colcon.colcon_core.package_discovery:discover_packages(recursive) check parameters
[0.969s] Level 1:colcon.colcon_core.package_discovery:discover_packages(ignore) check parameters
[0.969s] Level 1:colcon.colcon_core.package_discovery:discover_packages(path) check parameters
[0.969s] Level 1:colcon.colcon_core.package_discovery:discover_packages(colcon_meta) discover
[0.969s] Level 1:colcon.colcon_core.package_discovery:discover_packages(recursive) discover
[0.969s] INFO:colcon.colcon_core.package_discovery:Crawling recursively for packages in '/home/golam_sadek/ur3robot_ws'
[0.970s] Level 1:colcon.colcon_core.package_identification:_identify(.) by extensions ['ignore', 'ignore_ament_install']
[0.970s] Level 1:colcon.colcon_core.package_identification:_identify(.) by extension 'ignore'
[0.970s] Level 1:colcon.colcon_core.package_identification:_identify(.) by extension 'ignore_ament_install'
[0.970s] Level 1:colcon.colcon_core.package_identification:_identify(.) by extensions ['colcon_pkg']
[0.970s] Level 1:colcon.colcon_core.package_identification:_identify(.) by extension 'colcon_pkg'
[0.970s] Level 1:colcon.colcon_core.package_identification:_identify(.) by extensions ['colcon_meta']
[0.970s] Level 1:colcon.colcon_core.package_identification:_identify(.) by extension 'colcon_meta'
[0.970s] Level 1:colcon.colcon_core.package_identification:_identify(.) by extensions ['ros']
[0.970s] Level 1:colcon.colcon_core.package_identification:_identify(.) by extension 'ros'
[1.039s] Level 1:colcon.colcon_core.package_identification:_identify(.) by extensions ['cmake', 'python']
[1.039s] Level 1:colcon.colcon_core.package_identification:_identify(.) by extension 'cmake'
[1.040s] Level 1:colcon.colcon_core.package_identification:_identify(.) by extension 'python'
[1.040s] Level 1:colcon.colcon_core.package_identification:_identify(.) by extensions ['python_setup_py']
[1.040s] Level 1:colcon.colcon_core.package_identification:_identify(.) by extension 'python_setup_py'
[1.040s] Level 1:colcon.colcon_core.package_identification:_identify(build) by extensions ['ignore', 'ignore_ament_install']
[1.040s] Level 1:colcon.colcon_core.package_identification:_identify(build) by extension 'ignore'
[1.040s] Level 1:colcon.colcon_core.package_identification:_identify(build) ignored
[1.040s] Level 1:colcon.colcon_core.package_identification:_identify(install) by extensions ['ignore', 'ignore_ament_install']
[1.041s] Level 1:colcon.colcon_core.package_identification:_identify(install) by extension 'ignore'
[1.041s] Level 1:colcon.colcon_core.package_identification:_identify(install) ignored
[1.041s] Level 1:colcon.colcon_core.package_identification:_identify(log) by extensions ['ignore', 'ignore_ament_install']
[1.041s] Level 1:colcon.colcon_core.package_identification:_identify(log) by extension 'ignore'
[1.041s] Level 1:colcon.colcon_core.package_identification:_identify(log) ignored
[1.041s] Level 1:colcon.colcon_core.package_identification:_identify(src) by extensions ['ignore', 'ignore_ament_install']
[1.041s] Level 1:colcon.colcon_core.package_identification:_identify(src) by extension 'ignore'
[1.042s] Level 1:colcon.colcon_core.package_identification:_identify(src) by extension 'ignore_ament_install'
[1.042s] Level 1:colcon.colcon_core.package_identification:_identify(src) by extensions ['colcon_pkg']
[1.042s] Level 1:colcon.colcon_core.package_identification:_identify(src) by extension 'colcon_pkg'
[1.042s] Level 1:colcon.colcon_core.package_identification:_identify(src) by extensions ['colcon_meta']
[1.042s] Level 1:colcon.colcon_core.package_identification:_identify(src) by extension 'colcon_meta'
[1.042s] Level 1:colcon.colcon_core.package_identification:_identify(src) by extensions ['ros']
[1.042s] Level 1:colcon.colcon_core.package_identification:_identify(src) by extension 'ros'
[1.043s] Level 1:colcon.colcon_core.package_identification:_identify(src) by extensions ['cmake', 'python']
[1.043s] Level 1:colcon.colcon_core.package_identification:_identify(src) by extension 'cmake'
[1.043s] Level 1:colcon.colcon_core.package_identification:_identify(src) by extension 'python'
[1.043s] Level 1:colcon.colcon_core.package_identification:_identify(src) by extensions ['python_setup_py']
[1.043s] Level 1:colcon.colcon_core.package_identification:_identify(src) by extension 'python_setup_py'
[1.044s] Level 1:colcon.colcon_core.package_identification:_identify(src/ur3robot_controller) by extensions ['ignore', 'ignore_ament_install']
[1.044s] Level 1:colcon.colcon_core.package_identification:_identify(src/ur3robot_controller) by extension 'ignore'
[1.044s] Level 1:colcon.colcon_core.package_identification:_identify(src/ur3robot_controller) by extension 'ignore_ament_install'
[1.045s] Level 1:colcon.colcon_core.package_identification:_identify(src/ur3robot_controller) by extensions ['colcon_pkg']
[1.045s] Level 1:colcon.colcon_core.package_identification:_identify(src/ur3robot_controller) by extension 'colcon_pkg'
[1.047s] Level 1:colcon.colcon_core.package_identification:_identify(src/ur3robot_controller) by extensions ['colcon_meta']
[1.048s] Level 1:colcon.colcon_core.package_identification:_identify(src/ur3robot_controller) by extension 'colcon_meta'
[1.049s] Level 1:colcon.colcon_core.package_identification:_identify(src/ur3robot_controller) by extensions ['ros']
[1.049s] Level 1:colcon.colcon_core.package_identification:_identify(src/ur3robot_controller) by extension 'ros'
[1.056s] DEBUG:colcon.colcon_core.package_identification:Package 'src/ur3robot_controller' with type 'ros.ament_cmake' and name 'ur3robot_controller'
[1.056s] Level 1:colcon.colcon_core.package_identification:_identify(src/ur3robot_description) by extensions ['ignore', 'ignore_ament_install']
[1.057s] Level 1:colcon.colcon_core.package_identification:_identify(src/ur3robot_description) by extension 'ignore'
[1.057s] Level 1:colcon.colcon_core.package_identification:_identify(src/ur3robot_description) by extension 'ignore_ament_install'
[1.057s] Level 1:colcon.colcon_core.package_identification:_identify(src/ur3robot_description) by extensions ['colcon_pkg']
[1.057s] Level 1:colcon.colcon_core.package_identification:_identify(src/ur3robot_description) by extension 'colcon_pkg'
[1.057s] Level 1:colcon.colcon_core.package_identification:_identify(src/ur3robot_description) by extensions ['colcon_meta']
[1.057s] Level 1:colcon.colcon_core.package_identification:_identify(src/ur3robot_description) by extension 'colcon_meta'
[1.057s] Level 1:colcon.colcon_core.package_identification:_identify(src/ur3robot_description) by extensions ['ros']
[1.057s] Level 1:colcon.colcon_core.package_identification:_identify(src/ur3robot_description) by extension 'ros'
[1.069s] DEBUG:colcon.colcon_core.package_identification:Package 'src/ur3robot_description' with type 'ros.ament_cmake' and name 'ur3robot_description'
[1.070s] Level 1:colcon.colcon_core.package_discovery:discover_packages(recursive) using defaults
[1.070s] Level 1:colcon.colcon_core.package_discovery:discover_packages(ignore) discover
[1.070s] Level 1:colcon.colcon_core.package_discovery:discover_packages(ignore) using defaults
[1.070s] Level 1:colcon.colcon_core.package_discovery:discover_packages(path) discover
[1.070s] Level 1:colcon.colcon_core.package_discovery:discover_packages(path) using defaults
[1.126s] Level 1:colcon.colcon_core.package_discovery:discover_packages(prefix_path) check parameters
[1.126s] Level 1:colcon.colcon_core.package_discovery:discover_packages(prefix_path) discover
[1.132s] DEBUG:colcon.colcon_installed_package_information.package_discovery:Found 2 installed packages in /home/golam_sadek/ur3robot_ws/install
[1.133s] DEBUG:colcon.colcon_installed_package_information.package_discovery:Found 1 installed packages in /home/golam_sadek/ur3robot_ws/src/ur3robot_controller/install
[1.134s] DEBUG:colcon.colcon_installed_package_information.package_discovery:Found 3 installed packages in /home/golam_sadek/turtlebot3_ws/install
[1.135s] DEBUG:colcon.colcon_installed_package_information.package_discovery:Found 5 installed packages in /home/golam_sadek/turtlebot3_drlnav/install
[1.140s] DEBUG:colcon.colcon_installed_package_information.package_discovery:Found 419 installed packages in /opt/ros/humble
[1.149s] Level 1:colcon.colcon_core.package_discovery:discover_packages(prefix_path) using defaults
[1.275s] Level 5:colcon.colcon_core.verb:set package 'ur3robot_controller' build argument 'cmake_args' from command line to 'None'
[1.275s] Level 5:colcon.colcon_core.verb:set package 'ur3robot_controller' build argument 'cmake_target' from command line to 'None'
[1.275s] Level 5:colcon.colcon_core.verb:set package 'ur3robot_controller' build argument 'cmake_target_skip_unavailable' from command line to 'False'
[1.275s] Level 5:colcon.colcon_core.verb:set package 'ur3robot_controller' build argument 'cmake_clean_cache' from command line to 'False'
[1.275s] Level 5:colcon.colcon_core.verb:set package 'ur3robot_controller' build argument 'cmake_clean_first' from command line to 'False'
[1.275s] Level 5:colcon.colcon_core.verb:set package 'ur3robot_controller' build argument 'cmake_force_configure' from command line to 'False'
[1.275s] Level 5:colcon.colcon_core.verb:set package 'ur3robot_controller' build argument 'ament_cmake_args' from command line to 'None'
[1.275s] Level 5:colcon.colcon_core.verb:set package 'ur3robot_controller' build argument 'catkin_cmake_args' from command line to 'None'
[1.275s] Level 5:colcon.colcon_core.verb:set package 'ur3robot_controller' build argument 'catkin_skip_building_tests' from command line to 'False'
[1.275s] DEBUG:colcon.colcon_core.verb:Building package 'ur3robot_controller' with the following arguments: {'ament_cmake_args': None, 'build_base': '/home/golam_sadek/ur3robot_ws/build/ur3robot_controller', 'catkin_cmake_args': None, 'catkin_skip_building_tests': False, 'cmake_args': None, 'cmake_clean_cache': False, 'cmake_clean_first': False, 'cmake_force_configure': False, 'cmake_target': None, 'cmake_target_skip_unavailable': False, 'install_base': '/home/golam_sadek/ur3robot_ws/install/ur3robot_controller', 'merge_install': False, 'path': '/home/golam_sadek/ur3robot_ws/src/ur3robot_controller', 'symlink_install': False, 'test_result_base': None}
[1.277s] Level 5:colcon.colcon_core.verb:set package 'ur3robot_description' build argument 'cmake_args' from command line to 'None'
[1.277s] Level 5:colcon.colcon_core.verb:set package 'ur3robot_description' build argument 'cmake_target' from command line to 'None'
[1.279s] Level 5:colcon.colcon_core.verb:set package 'ur3robot_description' build argument 'cmake_target_skip_unavailable' from command line to 'False'
[1.280s] Level 5:colcon.colcon_core.verb:set package 'ur3robot_description' build argument 'cmake_clean_cache' from command line to 'False'
[1.280s] Level 5:colcon.colcon_core.verb:set package 'ur3robot_description' build argument 'cmake_clean_first' from command line to 'False'
[1.280s] Level 5:colcon.colcon_core.verb:set package 'ur3robot_description' build argument 'cmake_force_configure' from command line to 'False'
[1.280s] Level 5:colcon.colcon_core.verb:set package 'ur3robot_description' build argument 'ament_cmake_args' from command line to 'None'
[1.281s] Level 5:colcon.colcon_core.verb:set package 'ur3robot_description' build argument 'catkin_cmake_args' from command line to 'None'
[1.281s] Level 5:colcon.colcon_core.verb:set package 'ur3robot_description' build argument 'catkin_skip_building_tests' from command line to 'False'
[1.281s] DEBUG:colcon.colcon_core.verb:Building package 'ur3robot_description' with the following arguments: {'ament_cmake_args': None, 'build_base': '/home/golam_sadek/ur3robot_ws/build/ur3robot_description', 'catkin_cmake_args': None, 'catkin_skip_building_tests': False, 'cmake_args': None, 'cmake_clean_cache': False, 'cmake_clean_first': False, 'cmake_force_configure': False, 'cmake_target': None, 'cmake_target_skip_unavailable': False, 'install_base': '/home/golam_sadek/ur3robot_ws/install/ur3robot_description', 'merge_install': False, 'path': '/home/golam_sadek/ur3robot_ws/src/ur3robot_description', 'symlink_install': False, 'test_result_base': None}
[1.281s] INFO:colcon.colcon_core.executor:Executing jobs using 'parallel' executor
[1.283s] DEBUG:colcon.colcon_parallel_executor.executor.parallel:run_until_complete
[1.283s] INFO:colcon.colcon_ros.task.ament_cmake.build:Building ROS package in '/home/golam_sadek/ur3robot_ws/src/ur3robot_controller' with build type 'ament_cmake'
[1.284s] INFO:colcon.colcon_cmake.task.cmake.build:Building CMake package in '/home/golam_sadek/ur3robot_ws/src/ur3robot_controller'
[1.288s] INFO:colcon.colcon_core.plugin_system:Skipping extension 'colcon_core.shell.bat': Not used on non-Windows systems
[1.289s] INFO:colcon.colcon_core.shell:Skip shell extension 'powershell' for command environment: Not usable outside of PowerShell
[1.289s] DEBUG:colcon.colcon_core.shell:Skip shell extension 'dsv' for command environment
[1.301s] INFO:colcon.colcon_ros.task.ament_cmake.build:Building ROS package in '/home/golam_sadek/ur3robot_ws/src/ur3robot_description' with build type 'ament_cmake'
[1.302s] INFO:colcon.colcon_cmake.task.cmake.build:Building CMake package in '/home/golam_sadek/ur3robot_ws/src/ur3robot_description'
[1.302s] INFO:colcon.colcon_core.shell:Skip shell extension 'powershell' for command environment: Not usable outside of PowerShell
[1.303s] DEBUG:colcon.colcon_core.shell:Skip shell extension 'dsv' for command environment
[1.322s] DEBUG:colcon.colcon_core.event_handler.log_command:Invoking command in '/home/golam_sadek/ur3robot_ws/build/ur3robot_controller': CMAKE_PREFIX_PATH=${CMAKE_PREFIX_PATH}:/home/golam_sadek/turtlebot3_drlnav/install/turtlebot3_drl:/opt/ros/humble /usr/bin/cmake --build /home/golam_sadek/ur3robot_ws/build/ur3robot_controller -- -j8 -l8
[1.335s] DEBUG:colcon.colcon_core.event_handler.log_command:Invoking command in '/home/golam_sadek/ur3robot_ws/build/ur3robot_description': CMAKE_PREFIX_PATH=${CMAKE_PREFIX_PATH}:/home/golam_sadek/turtlebot3_drlnav/install/turtlebot3_drl:/opt/ros/humble /usr/bin/cmake --build /home/golam_sadek/ur3robot_ws/build/ur3robot_description -- -j8 -l8
[1.407s] DEBUG:colcon.colcon_core.event_handler.log_command:Invoked command in '/home/golam_sadek/ur3robot_ws/build/ur3robot_controller' returned '0': CMAKE_PREFIX_PATH=${CMAKE_PREFIX_PATH}:/home/golam_sadek/turtlebot3_drlnav/install/turtlebot3_drl:/opt/ros/humble /usr/bin/cmake --build /home/golam_sadek/ur3robot_ws/build/ur3robot_controller -- -j8 -l8
[1.431s] DEBUG:colcon.colcon_core.event_handler.log_command:Invoking command in '/home/golam_sadek/ur3robot_ws/build/ur3robot_controller': CMAKE_PREFIX_PATH=${CMAKE_PREFIX_PATH}:/home/golam_sadek/turtlebot3_drlnav/install/turtlebot3_drl:/opt/ros/humble /usr/bin/cmake --install /home/golam_sadek/ur3robot_ws/build/ur3robot_controller
[1.433s] DEBUG:colcon.colcon_core.event_handler.log_command:Invoked command in '/home/golam_sadek/ur3robot_ws/build/ur3robot_description' returned '0': CMAKE_PREFIX_PATH=${CMAKE_PREFIX_PATH}:/home/golam_sadek/turtlebot3_drlnav/install/turtlebot3_drl:/opt/ros/humble /usr/bin/cmake --build /home/golam_sadek/ur3robot_ws/build/ur3robot_description -- -j8 -l8
[1.436s] DEBUG:colcon.colcon_core.event_handler.log_command:Invoking command in '/home/golam_sadek/ur3robot_ws/build/ur3robot_description': CMAKE_PREFIX_PATH=${CMAKE_PREFIX_PATH}:/home/golam_sadek/turtlebot3_drlnav/install/turtlebot3_drl:/opt/ros/humble /usr/bin/cmake --install /home/golam_sadek/ur3robot_ws/build/ur3robot_description
[1.482s] Level 1:colcon.colcon_core.environment:create_environment_scripts_only(ur3robot_controller)
[1.484s] DEBUG:colcon.colcon_core.event_handler.log_command:Invoked command in '/home/golam_sadek/ur3robot_ws/build/ur3robot_controller' returned '0': CMAKE_PREFIX_PATH=${CMAKE_PREFIX_PATH}:/home/golam_sadek/turtlebot3_drlnav/install/turtlebot3_drl:/opt/ros/humble /usr/bin/cmake --install /home/golam_sadek/ur3robot_ws/build/ur3robot_controller
[1.494s] Level 1:colcon.colcon_core.environment:checking '/home/golam_sadek/ur3robot_ws/install/ur3robot_controller' for CMake module files
[1.495s] Level 1:colcon.colcon_core.environment:checking '/home/golam_sadek/ur3robot_ws/install/ur3robot_controller' for CMake config files
[1.495s] Level 1:colcon.colcon_core.shell:create_environment_hook('ur3robot_controller', 'cmake_prefix_path')
[1.496s] INFO:colcon.colcon_core.shell:Creating environment hook '/home/golam_sadek/ur3robot_ws/install/ur3robot_controller/share/ur3robot_controller/hook/cmake_prefix_path.ps1'
[1.497s] INFO:colcon.colcon_core.shell:Creating environment descriptor '/home/golam_sadek/ur3robot_ws/install/ur3robot_controller/share/ur3robot_controller/hook/cmake_prefix_path.dsv'
[1.497s] INFO:colcon.colcon_core.shell:Creating environment hook '/home/golam_sadek/ur3robot_ws/install/ur3robot_controller/share/ur3robot_controller/hook/cmake_prefix_path.sh'
[1.499s] Level 1:colcon.colcon_core.environment:checking '/home/golam_sadek/ur3robot_ws/install/ur3robot_controller/bin'
[1.499s] Level 1:colcon.colcon_core.environment:checking '/home/golam_sadek/ur3robot_ws/install/ur3robot_controller/lib/pkgconfig/ur3robot_controller.pc'
[1.499s] Level 1:colcon.colcon_core.environment:checking '/home/golam_sadek/ur3robot_ws/install/ur3robot_controller/lib/python3.10/site-packages'
[1.500s] Level 1:colcon.colcon_core.environment:checking '/home/golam_sadek/ur3robot_ws/install/ur3robot_controller/bin'
[1.500s] INFO:colcon.colcon_core.shell:Creating package script '/home/golam_sadek/ur3robot_ws/install/ur3robot_controller/share/ur3robot_controller/package.ps1'
[1.502s] INFO:colcon.colcon_core.shell:Creating package descriptor '/home/golam_sadek/ur3robot_ws/install/ur3robot_controller/share/ur3robot_controller/package.dsv'
[1.503s] INFO:colcon.colcon_core.shell:Creating package script '/home/golam_sadek/ur3robot_ws/install/ur3robot_controller/share/ur3robot_controller/package.sh'
[1.505s] INFO:colcon.colcon_core.shell:Creating package script '/home/golam_sadek/ur3robot_ws/install/ur3robot_controller/share/ur3robot_controller/package.bash'
[1.507s] INFO:colcon.colcon_core.shell:Creating package script '/home/golam_sadek/ur3robot_ws/install/ur3robot_controller/share/ur3robot_controller/package.zsh'
[1.512s] Level 1:colcon.colcon_core.environment:create_file_with_runtime_dependencies(/home/golam_sadek/ur3robot_ws/install/ur3robot_controller/share/colcon-core/packages/ur3robot_controller)
[1.515s] Level 1:colcon.colcon_core.environment:create_environment_scripts_only(ur3robot_controller)
[1.516s] Level 1:colcon.colcon_core.environment:checking '/home/golam_sadek/ur3robot_ws/install/ur3robot_controller' for CMake module files
[1.517s] Level 1:colcon.colcon_core.environment:checking '/home/golam_sadek/ur3robot_ws/install/ur3robot_controller' for CMake config files
[1.518s] Level 1:colcon.colcon_core.shell:create_environment_hook('ur3robot_controller', 'cmake_prefix_path')
[1.521s] INFO:colcon.colcon_core.shell:Creating environment hook '/home/golam_sadek/ur3robot_ws/install/ur3robot_controller/share/ur3robot_controller/hook/cmake_prefix_path.ps1'
[1.522s] INFO:colcon.colcon_core.shell:Creating environment descriptor '/home/golam_sadek/ur3robot_ws/install/ur3robot_controller/share/ur3robot_controller/hook/cmake_prefix_path.dsv'
[1.523s] INFO:colcon.colcon_core.shell:Creating environment hook '/home/golam_sadek/ur3robot_ws/install/ur3robot_controller/share/ur3robot_controller/hook/cmake_prefix_path.sh'
[1.525s] Level 1:colcon.colcon_core.environment:checking '/home/golam_sadek/ur3robot_ws/install/ur3robot_controller/bin'
[1.525s] Level 1:colcon.colcon_core.environment:checking '/home/golam_sadek/ur3robot_ws/install/ur3robot_controller/lib/pkgconfig/ur3robot_controller.pc'
[1.525s] Level 1:colcon.colcon_core.environment:checking '/home/golam_sadek/ur3robot_ws/install/ur3robot_controller/lib/python3.10/site-packages'
[1.526s] Level 1:colcon.colcon_core.environment:checking '/home/golam_sadek/ur3robot_ws/install/ur3robot_controller/bin'
[1.526s] INFO:colcon.colcon_core.shell:Creating package script '/home/golam_sadek/ur3robot_ws/install/ur3robot_controller/share/ur3robot_controller/package.ps1'
[1.527s] INFO:colcon.colcon_core.shell:Creating package descriptor '/home/golam_sadek/ur3robot_ws/install/ur3robot_controller/share/ur3robot_controller/package.dsv'
[1.528s] INFO:colcon.colcon_core.shell:Creating package script '/home/golam_sadek/ur3robot_ws/install/ur3robot_controller/share/ur3robot_controller/package.sh'
[1.529s] INFO:colcon.colcon_core.shell:Creating package script '/home/golam_sadek/ur3robot_ws/install/ur3robot_controller/share/ur3robot_controller/package.bash'
[1.530s] INFO:colcon.colcon_core.shell:Creating package script '/home/golam_sadek/ur3robot_ws/install/ur3robot_controller/share/ur3robot_controller/package.zsh'
[1.530s] Level 1:colcon.colcon_core.environment:create_file_with_runtime_dependencies(/home/golam_sadek/ur3robot_ws/install/ur3robot_controller/share/colcon-core/packages/ur3robot_controller)
[1.532s] Level 1:colcon.colcon_core.environment:create_environment_scripts_only(ur3robot_description)
[1.532s] Level 1:colcon.colcon_core.environment:checking '/home/golam_sadek/ur3robot_ws/install/ur3robot_description' for CMake module files
[1.534s] DEBUG:colcon.colcon_core.event_handler.log_command:Invoked command in '/home/golam_sadek/ur3robot_ws/build/ur3robot_description' returned '0': CMAKE_PREFIX_PATH=${CMAKE_PREFIX_PATH}:/home/golam_sadek/turtlebot3_drlnav/install/turtlebot3_drl:/opt/ros/humble /usr/bin/cmake --install /home/golam_sadek/ur3robot_ws/build/ur3robot_description
[1.534s] Level 1:colcon.colcon_core.environment:checking '/home/golam_sadek/ur3robot_ws/install/ur3robot_description' for CMake config files
[1.535s] Level 1:colcon.colcon_core.shell:create_environment_hook('ur3robot_description', 'cmake_prefix_path')
[1.535s] INFO:colcon.colcon_core.shell:Creating environment hook '/home/golam_sadek/ur3robot_ws/install/ur3robot_description/share/ur3robot_description/hook/cmake_prefix_path.ps1'
[1.537s] INFO:colcon.colcon_core.shell:Creating environment descriptor '/home/golam_sadek/ur3robot_ws/install/ur3robot_description/share/ur3robot_description/hook/cmake_prefix_path.dsv'
[1.537s] INFO:colcon.colcon_core.shell:Creating environment hook '/home/golam_sadek/ur3robot_ws/install/ur3robot_description/share/ur3robot_description/hook/cmake_prefix_path.sh'
[1.539s] Level 1:colcon.colcon_core.environment:checking '/home/golam_sadek/ur3robot_ws/install/ur3robot_description/bin'
[1.540s] Level 1:colcon.colcon_core.environment:checking '/home/golam_sadek/ur3robot_ws/install/ur3robot_description/lib/pkgconfig/ur3robot_description.pc'
[1.541s] Level 1:colcon.colcon_core.environment:checking '/home/golam_sadek/ur3robot_ws/install/ur3robot_description/lib/python3.10/site-packages'
[1.543s] Level 1:colcon.colcon_core.environment:checking '/home/golam_sadek/ur3robot_ws/install/ur3robot_description/bin'
[1.545s] INFO:colcon.colcon_core.shell:Creating package script '/home/golam_sadek/ur3robot_ws/install/ur3robot_description/share/ur3robot_description/package.ps1'
[1.548s] INFO:colcon.colcon_core.shell:Creating package descriptor '/home/golam_sadek/ur3robot_ws/install/ur3robot_description/share/ur3robot_description/package.dsv'
[1.550s] INFO:colcon.colcon_core.shell:Creating package script '/home/golam_sadek/ur3robot_ws/install/ur3robot_description/share/ur3robot_description/package.sh'
[1.551s] INFO:colcon.colcon_core.shell:Creating package script '/home/golam_sadek/ur3robot_ws/install/ur3robot_description/share/ur3robot_description/package.bash'
[1.552s] INFO:colcon.colcon_core.shell:Creating package script '/home/golam_sadek/ur3robot_ws/install/ur3robot_description/share/ur3robot_description/package.zsh'
[1.555s] Level 1:colcon.colcon_core.environment:create_file_with_runtime_dependencies(/home/golam_sadek/ur3robot_ws/install/ur3robot_description/share/colcon-core/packages/ur3robot_description)
[1.557s] Level 1:colcon.colcon_core.environment:create_environment_scripts_only(ur3robot_description)
[1.558s] Level 1:colcon.colcon_core.environment:checking '/home/golam_sadek/ur3robot_ws/install/ur3robot_description' for CMake module files
[1.559s] Level 1:colcon.colcon_core.environment:checking '/home/golam_sadek/ur3robot_ws/install/ur3robot_description' for CMake config files
[1.559s] Level 1:colcon.colcon_core.shell:create_environment_hook('ur3robot_description', 'cmake_prefix_path')
[1.560s] INFO:colcon.colcon_core.shell:Creating environment hook '/home/golam_sadek/ur3robot_ws/install/ur3robot_description/share/ur3robot_description/hook/cmake_prefix_path.ps1'
[1.560s] INFO:colcon.colcon_core.shell:Creating environment descriptor '/home/golam_sadek/ur3robot_ws/install/ur3robot_description/share/ur3robot_description/hook/cmake_prefix_path.dsv'
[1.561s] INFO:colcon.colcon_core.shell:Creating environment hook '/home/golam_sadek/ur3robot_ws/install/ur3robot_description/share/ur3robot_description/hook/cmake_prefix_path.sh'
[1.563s] Level 1:colcon.colcon_core.environment:checking '/home/golam_sadek/ur3robot_ws/install/ur3robot_description/bin'
[1.563s] Level 1:colcon.colcon_core.environment:checking '/home/golam_sadek/ur3robot_ws/install/ur3robot_description/lib/pkgconfig/ur3robot_description.pc'
[1.563s] Level 1:colcon.colcon_core.environment:checking '/home/golam_sadek/ur3robot_ws/install/ur3robot_description/lib/python3.10/site-packages'
[1.563s] Level 1:colcon.colcon_core.environment:checking '/home/golam_sadek/ur3robot_ws/install/ur3robot_description/bin'
[1.564s] INFO:colcon.colcon_core.shell:Creating package script '/home/golam_sadek/ur3robot_ws/install/ur3robot_description/share/ur3robot_description/package.ps1'
[1.565s] INFO:colcon.colcon_core.shell:Creating package descriptor '/home/golam_sadek/ur3robot_ws/install/ur3robot_description/share/ur3robot_description/package.dsv'
[1.566s] INFO:colcon.colcon_core.shell:Creating package script '/home/golam_sadek/ur3robot_ws/install/ur3robot_description/share/ur3robot_description/package.sh'
[1.566s] INFO:colcon.colcon_core.shell:Creating package script '/home/golam_sadek/ur3robot_ws/install/ur3robot_description/share/ur3robot_description/package.bash'
[1.567s] INFO:colcon.colcon_core.shell:Creating package script '/home/golam_sadek/ur3robot_ws/install/ur3robot_description/share/ur3robot_description/package.zsh'
[1.568s] Level 1:colcon.colcon_core.environment:create_file_with_runtime_dependencies(/home/golam_sadek/ur3robot_ws/install/ur3robot_description/share/colcon-core/packages/ur3robot_description)
[1.569s] DEBUG:colcon.colcon_parallel_executor.executor.parallel:closing loop
[1.569s] DEBUG:colcon.colcon_parallel_executor.executor.parallel:loop closed
[1.569s] DEBUG:colcon.colcon_parallel_executor.executor.parallel:run_until_complete finished with '0'
[1.570s] DEBUG:colcon.colcon_core.event_reactor:joining thread
[1.585s] INFO:colcon.colcon_core.plugin_system:Skipping extension 'colcon_notification.desktop_notification.terminal_notifier': Not used on non-Darwin systems
[1.585s] INFO:colcon.colcon_core.plugin_system:Skipping extension 'colcon_notification.desktop_notification.win32': Not used on non-Windows systems
[1.585s] INFO:colcon.colcon_notification.desktop_notification:Sending desktop notification using 'notify2'
[1.605s] DEBUG:colcon.colcon_core.event_reactor:joined thread
[1.605s] INFO:colcon.colcon_core.shell:Creating prefix script '/home/golam_sadek/ur3robot_ws/install/local_setup.ps1'
[1.608s] INFO:colcon.colcon_core.shell:Creating prefix util module '/home/golam_sadek/ur3robot_ws/install/_local_setup_util_ps1.py'
[1.616s] INFO:colcon.colcon_core.shell:Creating prefix chain script '/home/golam_sadek/ur3robot_ws/install/setup.ps1'
[1.620s] INFO:colcon.colcon_core.shell:Creating prefix script '/home/golam_sadek/ur3robot_ws/install/local_setup.sh'
[1.625s] INFO:colcon.colcon_core.shell:Creating prefix util module '/home/golam_sadek/ur3robot_ws/install/_local_setup_util_sh.py'
[1.626s] INFO:colcon.colcon_core.shell:Creating prefix chain script '/home/golam_sadek/ur3robot_ws/install/setup.sh'
[1.629s] INFO:colcon.colcon_core.shell:Creating prefix script '/home/golam_sadek/ur3robot_ws/install/local_setup.bash'
[1.630s] INFO:colcon.colcon_core.shell:Creating prefix chain script '/home/golam_sadek/ur3robot_ws/install/setup.bash'
[1.633s] INFO:colcon.colcon_core.shell:Creating prefix script '/home/golam_sadek/ur3robot_ws/install/local_setup.zsh'
[1.633s] INFO:colcon.colcon_core.shell:Creating prefix chain script '/home/golam_sadek/ur3robot_ws/install/setup.zsh'
