[0.018s] Invoking command in '/home/golam_sadek/ur3robot_ws/build/ur3robot_controller': CMAKE_PREFIX_PATH=${CMAKE_PREFIX_PATH}:/home/golam_sadek/turtlebot3_drlnav/install/turtlebot3_drl:/opt/ros/humble /usr/bin/cmake --build /home/golam_sadek/ur3robot_ws/build/ur3robot_controller -- -j8 -l8
[0.046s] -- Found ament_cmake: 1.3.11 (/opt/ros/humble/share/ament_cmake/cmake)
[0.178s] -- Found ament_lint_auto: 0.12.12 (/opt/ros/humble/share/ament_lint_auto/cmake)
[0.320s] -- Added test 'cppcheck' to perform static code analysis on C / C++ code
[0.320s] -- Configured cppcheck include dirs: 
[0.321s] -- Configured cppcheck exclude dirs and/or files: 
[0.323s] -- Added test 'flake8' to check Python code syntax and style conventions
[0.325s] -- Added test 'lint_cmake' to check CMake code style
[0.326s] -- Added test 'pep257' to check Python code against some of the docstring style conventions in PEP 257
[0.335s] -- Added test 'uncrustify' to check C / C++ code style
[0.335s] -- Configured uncrustify additional arguments: 
[0.336s] -- Added test 'xmllint' to check XML markup files
[0.339s] -- Configuring done
[0.342s] -- Generating done
[0.344s] -- Build files have been written to: /home/golam_sadek/ur3robot_ws/build/ur3robot_controller
[0.367s] Invoked command in '/home/golam_sadek/ur3robot_ws/build/ur3robot_controller' returned '0': CMAKE_PREFIX_PATH=${CMAKE_PREFIX_PATH}:/home/golam_sadek/turtlebot3_drlnav/install/turtlebot3_drl:/opt/ros/humble /usr/bin/cmake --build /home/golam_sadek/ur3robot_ws/build/ur3robot_controller -- -j8 -l8
[0.368s] Invoking command in '/home/golam_sadek/ur3robot_ws/build/ur3robot_controller': CMAKE_PREFIX_PATH=${CMAKE_PREFIX_PATH}:/home/golam_sadek/turtlebot3_drlnav/install/turtlebot3_drl:/opt/ros/humble /usr/bin/cmake --install /home/golam_sadek/ur3robot_ws/build/ur3robot_controller
[0.377s] -- Install configuration: ""
[0.377s] -- Installing: /home/golam_sadek/ur3robot_ws/install/ur3robot_controller/share/ur3robot_controller/config
[0.377s] -- Installing: /home/golam_sadek/ur3robot_ws/install/ur3robot_controller/share/ur3robot_controller/config/ur3robot_controllers.yaml
[0.377s] -- Up-to-date: /home/golam_sadek/ur3robot_ws/install/ur3robot_controller/share/ament_index/resource_index/package_run_dependencies/ur3robot_controller
[0.377s] -- Installing: /home/golam_sadek/ur3robot_ws/install/ur3robot_controller/share/ament_index/resource_index/parent_prefix_path/ur3robot_controller
[0.377s] -- Up-to-date: /home/golam_sadek/ur3robot_ws/install/ur3robot_controller/share/ur3robot_controller/environment/ament_prefix_path.sh
[0.377s] -- Installing: /home/golam_sadek/ur3robot_ws/install/ur3robot_controller/share/ur3robot_controller/environment/ament_prefix_path.dsv
[0.377s] -- Up-to-date: /home/golam_sadek/ur3robot_ws/install/ur3robot_controller/share/ur3robot_controller/environment/path.sh
[0.377s] -- Installing: /home/golam_sadek/ur3robot_ws/install/ur3robot_controller/share/ur3robot_controller/environment/path.dsv
[0.377s] -- Up-to-date: /home/golam_sadek/ur3robot_ws/install/ur3robot_controller/share/ur3robot_controller/local_setup.bash
[0.378s] -- Up-to-date: /home/golam_sadek/ur3robot_ws/install/ur3robot_controller/share/ur3robot_controller/local_setup.sh
[0.378s] -- Up-to-date: /home/golam_sadek/ur3robot_ws/install/ur3robot_controller/share/ur3robot_controller/local_setup.zsh
[0.378s] -- Installing: /home/golam_sadek/ur3robot_ws/install/ur3robot_controller/share/ur3robot_controller/local_setup.dsv
[0.378s] -- Installing: /home/golam_sadek/ur3robot_ws/install/ur3robot_controller/share/ur3robot_controller/package.dsv
[0.378s] -- Up-to-date: /home/golam_sadek/ur3robot_ws/install/ur3robot_controller/share/ament_index/resource_index/packages/ur3robot_controller
[0.378s] -- Up-to-date: /home/golam_sadek/ur3robot_ws/install/ur3robot_controller/share/ur3robot_controller/cmake/ur3robot_controllerConfig.cmake
[0.378s] -- Up-to-date: /home/golam_sadek/ur3robot_ws/install/ur3robot_controller/share/ur3robot_controller/cmake/ur3robot_controllerConfig-version.cmake
[0.378s] -- Up-to-date: /home/golam_sadek/ur3robot_ws/install/ur3robot_controller/share/ur3robot_controller/package.xml
[0.381s] Invoked command in '/home/golam_sadek/ur3robot_ws/build/ur3robot_controller' returned '0': CMAKE_PREFIX_PATH=${CMAKE_PREFIX_PATH}:/home/golam_sadek/turtlebot3_drlnav/install/turtlebot3_drl:/opt/ros/humble /usr/bin/cmake --install /home/golam_sadek/ur3robot_ws/build/ur3robot_controller
